CRITICAL - 2024-08-09 00:41:02 --> CodeIgniter\HTTP\Exceptions\HTTPException: Request URI segment is out of range: "0"
in SYSTEMPATH/HTTP/URI.php on line 558.
 1 SYSTEMPATH/HTTP/URI.php(558): CodeIgniter\HTTP\Exceptions\HTTPException::forURISegmentOutOfRange(0)
 2 APPPATH/Views/layout/layouts.php(48): CodeIgniter\HTTP\URI->getSegment(0)
 3 SYSTEMPATH/View/View.php(228): include('/Applications/MAMP/htdocs/dummy-pos/app/Views/layout/layouts.php')
 4 SYSTEMPATH/View/View.php(231): CodeIgniter\View\View->CodeIgniter\View\{closure}()
 5 SYSTEMPATH/View/View.php(244): CodeIgniter\View\View->render('layout/layouts', [], true)
 6 SYSTEMPATH/Common.php(1178): CodeIgniter\View\View->render('checkout/index', [], true)
 7 APPPATH/Controllers/Checkout.php(21): view('checkout/index', [...])
 8 SYSTEMPATH/CodeIgniter.php(941): App\Controllers\Checkout->index('1')
 9 SYSTEMPATH/CodeIgniter.php(502): CodeIgniter\CodeIgniter->runController(Object(App\Controllers\Checkout))
10 SYSTEMPATH/CodeIgniter.php(361): CodeIgniter\CodeIgniter->handleRequest(null, Object(Config\Cache), false)
11 FCPATH/index.php(79): CodeIgniter\CodeIgniter->run()
CRITICAL - 2024-08-09 00:41:03 --> CodeIgniter\HTTP\Exceptions\HTTPException: Request URI segment is out of range: "0"
in SYSTEMPATH/HTTP/URI.php on line 558.
 1 SYSTEMPATH/HTTP/URI.php(558): CodeIgniter\HTTP\Exceptions\HTTPException::forURISegmentOutOfRange(0)
 2 APPPATH/Views/layout/layouts.php(48): CodeIgniter\HTTP\URI->getSegment(0)
 3 SYSTEMPATH/View/View.php(228): include('/Applications/MAMP/htdocs/dummy-pos/app/Views/layout/layouts.php')
 4 SYSTEMPATH/View/View.php(231): CodeIgniter\View\View->CodeIgniter\View\{closure}()
 5 SYSTEMPATH/View/View.php(244): CodeIgniter\View\View->render('layout/layouts', [], true)
 6 SYSTEMPATH/Common.php(1178): CodeIgniter\View\View->render('checkout/index', [], true)
 7 APPPATH/Controllers/Checkout.php(21): view('checkout/index', [...])
 8 SYSTEMPATH/CodeIgniter.php(941): App\Controllers\Checkout->index('1')
 9 SYSTEMPATH/CodeIgniter.php(502): CodeIgniter\CodeIgniter->runController(Object(App\Controllers\Checkout))
10 SYSTEMPATH/CodeIgniter.php(361): CodeIgniter\CodeIgniter->handleRequest(null, Object(Config\Cache), false)
11 FCPATH/index.php(79): CodeIgniter\CodeIgniter->run()
CRITICAL - 2024-08-09 00:41:03 --> CodeIgniter\HTTP\Exceptions\HTTPException: Request URI segment is out of range: "0"
in SYSTEMPATH/HTTP/URI.php on line 558.
 1 SYSTEMPATH/HTTP/URI.php(558): CodeIgniter\HTTP\Exceptions\HTTPException::forURISegmentOutOfRange(0)
 2 APPPATH/Views/layout/layouts.php(48): CodeIgniter\HTTP\URI->getSegment(0)
 3 SYSTEMPATH/View/View.php(228): include('/Applications/MAMP/htdocs/dummy-pos/app/Views/layout/layouts.php')
 4 SYSTEMPATH/View/View.php(231): CodeIgniter\View\View->CodeIgniter\View\{closure}()
 5 SYSTEMPATH/View/View.php(244): CodeIgniter\View\View->render('layout/layouts', [], true)
 6 SYSTEMPATH/Common.php(1178): CodeIgniter\View\View->render('checkout/index', [], true)
 7 APPPATH/Controllers/Checkout.php(21): view('checkout/index', [...])
 8 SYSTEMPATH/CodeIgniter.php(941): App\Controllers\Checkout->index('1')
 9 SYSTEMPATH/CodeIgniter.php(502): CodeIgniter\CodeIgniter->runController(Object(App\Controllers\Checkout))
10 SYSTEMPATH/CodeIgniter.php(361): CodeIgniter\CodeIgniter->handleRequest(null, Object(Config\Cache), false)
11 FCPATH/index.php(79): CodeIgniter\CodeIgniter->run()
CRITICAL - 2024-08-09 07:35:07 --> ErrorException: Invalid argument supplied for foreach()
in APPPATH/Views/order/index.php on line 15.
 1 APPPATH/Views/order/index.php(15): CodeIgniter\Debug\Exceptions->errorHandler(2, 'Invalid argument supplied for foreach()', '/Applications/MAMP/htdocs/dummy-pos/app/Views/order/index.php', 15, [...])
 2 SYSTEMPATH/View/View.php(228): include('/Applications/MAMP/htdocs/dummy-pos/app/Views/order/index.php')
 3 SYSTEMPATH/View/View.php(231): CodeIgniter\View\View->CodeIgniter\View\{closure}()
 4 SYSTEMPATH/Common.php(1178): CodeIgniter\View\View->render('order/index', [], true)
 5 APPPATH/Controllers/Order.php(35): view('order/index', [...])
 6 SYSTEMPATH/CodeIgniter.php(941): App\Controllers\Order->index()
 7 SYSTEMPATH/CodeIgniter.php(502): CodeIgniter\CodeIgniter->runController(Object(App\Controllers\Order))
 8 SYSTEMPATH/CodeIgniter.php(361): CodeIgniter\CodeIgniter->handleRequest(null, Object(Config\Cache), false)
 9 FCPATH/index.php(79): CodeIgniter\CodeIgniter->run()
CRITICAL - 2024-08-09 07:35:08 --> ErrorException: Invalid argument supplied for foreach()
in APPPATH/Views/order/index.php on line 15.
 1 APPPATH/Views/order/index.php(15): CodeIgniter\Debug\Exceptions->errorHandler(2, 'Invalid argument supplied for foreach()', '/Applications/MAMP/htdocs/dummy-pos/app/Views/order/index.php', 15, [...])
 2 SYSTEMPATH/View/View.php(228): include('/Applications/MAMP/htdocs/dummy-pos/app/Views/order/index.php')
 3 SYSTEMPATH/View/View.php(231): CodeIgniter\View\View->CodeIgniter\View\{closure}()
 4 SYSTEMPATH/Common.php(1178): CodeIgniter\View\View->render('order/index', [], true)
 5 APPPATH/Controllers/Order.php(35): view('order/index', [...])
 6 SYSTEMPATH/CodeIgniter.php(941): App\Controllers\Order->index()
 7 SYSTEMPATH/CodeIgniter.php(502): CodeIgniter\CodeIgniter->runController(Object(App\Controllers\Order))
 8 SYSTEMPATH/CodeIgniter.php(361): CodeIgniter\CodeIgniter->handleRequest(null, Object(Config\Cache), false)
 9 FCPATH/index.php(79): CodeIgniter\CodeIgniter->run()
CRITICAL - 2024-08-09 07:35:08 --> ErrorException: Invalid argument supplied for foreach()
in APPPATH/Views/order/index.php on line 15.
 1 APPPATH/Views/order/index.php(15): CodeIgniter\Debug\Exceptions->errorHandler(2, 'Invalid argument supplied for foreach()', '/Applications/MAMP/htdocs/dummy-pos/app/Views/order/index.php', 15, [...])
 2 SYSTEMPATH/View/View.php(228): include('/Applications/MAMP/htdocs/dummy-pos/app/Views/order/index.php')
 3 SYSTEMPATH/View/View.php(231): CodeIgniter\View\View->CodeIgniter\View\{closure}()
 4 SYSTEMPATH/Common.php(1178): CodeIgniter\View\View->render('order/index', [], true)
 5 APPPATH/Controllers/Order.php(35): view('order/index', [...])
 6 SYSTEMPATH/CodeIgniter.php(941): App\Controllers\Order->index()
 7 SYSTEMPATH/CodeIgniter.php(502): CodeIgniter\CodeIgniter->runController(Object(App\Controllers\Order))
 8 SYSTEMPATH/CodeIgniter.php(361): CodeIgniter\CodeIgniter->handleRequest(null, Object(Config\Cache), false)
 9 FCPATH/index.php(79): CodeIgniter\CodeIgniter->run()
CRITICAL - 2024-08-09 07:35:09 --> ErrorException: Invalid argument supplied for foreach()
in APPPATH/Views/order/index.php on line 15.
 1 APPPATH/Views/order/index.php(15): CodeIgniter\Debug\Exceptions->errorHandler(2, 'Invalid argument supplied for foreach()', '/Applications/MAMP/htdocs/dummy-pos/app/Views/order/index.php', 15, [...])
 2 SYSTEMPATH/View/View.php(228): include('/Applications/MAMP/htdocs/dummy-pos/app/Views/order/index.php')
 3 SYSTEMPATH/View/View.php(231): CodeIgniter\View\View->CodeIgniter\View\{closure}()
 4 SYSTEMPATH/Common.php(1178): CodeIgniter\View\View->render('order/index', [], true)
 5 APPPATH/Controllers/Order.php(35): view('order/index', [...])
 6 SYSTEMPATH/CodeIgniter.php(941): App\Controllers\Order->index()
 7 SYSTEMPATH/CodeIgniter.php(502): CodeIgniter\CodeIgniter->runController(Object(App\Controllers\Order))
 8 SYSTEMPATH/CodeIgniter.php(361): CodeIgniter\CodeIgniter->handleRequest(null, Object(Config\Cache), false)
 9 FCPATH/index.php(79): CodeIgniter\CodeIgniter->run()
CRITICAL - 2024-08-09 07:35:14 --> ErrorException: Creating default object from empty value
in APPPATH/Views/order/index.php on line 15.
 1 APPPATH/Views/order/index.php(15): CodeIgniter\Debug\Exceptions->errorHandler(2, 'Creating default object from empty value', '/Applications/MAMP/htdocs/dummy-pos/app/Views/order/index.php', 15, [...])
 2 SYSTEMPATH/View/View.php(228): include('/Applications/MAMP/htdocs/dummy-pos/app/Views/order/index.php')
 3 SYSTEMPATH/View/View.php(231): CodeIgniter\View\View->CodeIgniter\View\{closure}()
 4 SYSTEMPATH/Common.php(1178): CodeIgniter\View\View->render('order/index', [], true)
 5 APPPATH/Controllers/Order.php(35): view('order/index', [...])
 6 SYSTEMPATH/CodeIgniter.php(941): App\Controllers\Order->index()
 7 SYSTEMPATH/CodeIgniter.php(502): CodeIgniter\CodeIgniter->runController(Object(App\Controllers\Order))
 8 SYSTEMPATH/CodeIgniter.php(361): CodeIgniter\CodeIgniter->handleRequest(null, Object(Config\Cache), false)
 9 FCPATH/index.php(79): CodeIgniter\CodeIgniter->run()
CRITICAL - 2024-08-09 07:35:15 --> ErrorException: Creating default object from empty value
in APPPATH/Views/order/index.php on line 15.
 1 APPPATH/Views/order/index.php(15): CodeIgniter\Debug\Exceptions->errorHandler(2, 'Creating default object from empty value', '/Applications/MAMP/htdocs/dummy-pos/app/Views/order/index.php', 15, [...])
 2 SYSTEMPATH/View/View.php(228): include('/Applications/MAMP/htdocs/dummy-pos/app/Views/order/index.php')
 3 SYSTEMPATH/View/View.php(231): CodeIgniter\View\View->CodeIgniter\View\{closure}()
 4 SYSTEMPATH/Common.php(1178): CodeIgniter\View\View->render('order/index', [], true)
 5 APPPATH/Controllers/Order.php(35): view('order/index', [...])
 6 SYSTEMPATH/CodeIgniter.php(941): App\Controllers\Order->index()
 7 SYSTEMPATH/CodeIgniter.php(502): CodeIgniter\CodeIgniter->runController(Object(App\Controllers\Order))
 8 SYSTEMPATH/CodeIgniter.php(361): CodeIgniter\CodeIgniter->handleRequest(null, Object(Config\Cache), false)
 9 FCPATH/index.php(79): CodeIgniter\CodeIgniter->run()
CRITICAL - 2024-08-09 07:35:15 --> ErrorException: Creating default object from empty value
in APPPATH/Views/order/index.php on line 15.
 1 APPPATH/Views/order/index.php(15): CodeIgniter\Debug\Exceptions->errorHandler(2, 'Creating default object from empty value', '/Applications/MAMP/htdocs/dummy-pos/app/Views/order/index.php', 15, [...])
 2 SYSTEMPATH/View/View.php(228): include('/Applications/MAMP/htdocs/dummy-pos/app/Views/order/index.php')
 3 SYSTEMPATH/View/View.php(231): CodeIgniter\View\View->CodeIgniter\View\{closure}()
 4 SYSTEMPATH/Common.php(1178): CodeIgniter\View\View->render('order/index', [], true)
 5 APPPATH/Controllers/Order.php(35): view('order/index', [...])
 6 SYSTEMPATH/CodeIgniter.php(941): App\Controllers\Order->index()
 7 SYSTEMPATH/CodeIgniter.php(502): CodeIgniter\CodeIgniter->runController(Object(App\Controllers\Order))
 8 SYSTEMPATH/CodeIgniter.php(361): CodeIgniter\CodeIgniter->handleRequest(null, Object(Config\Cache), false)
 9 FCPATH/index.php(79): CodeIgniter\CodeIgniter->run()
CRITICAL - 2024-08-09 07:35:16 --> ErrorException: Creating default object from empty value
in APPPATH/Views/order/index.php on line 15.
 1 APPPATH/Views/order/index.php(15): CodeIgniter\Debug\Exceptions->errorHandler(2, 'Creating default object from empty value', '/Applications/MAMP/htdocs/dummy-pos/app/Views/order/index.php', 15, [...])
 2 SYSTEMPATH/View/View.php(228): include('/Applications/MAMP/htdocs/dummy-pos/app/Views/order/index.php')
 3 SYSTEMPATH/View/View.php(231): CodeIgniter\View\View->CodeIgniter\View\{closure}()
 4 SYSTEMPATH/Common.php(1178): CodeIgniter\View\View->render('order/index', [], true)
 5 APPPATH/Controllers/Order.php(35): view('order/index', [...])
 6 SYSTEMPATH/CodeIgniter.php(941): App\Controllers\Order->index()
 7 SYSTEMPATH/CodeIgniter.php(502): CodeIgniter\CodeIgniter->runController(Object(App\Controllers\Order))
 8 SYSTEMPATH/CodeIgniter.php(361): CodeIgniter\CodeIgniter->handleRequest(null, Object(Config\Cache), false)
 9 FCPATH/index.php(79): CodeIgniter\CodeIgniter->run()
CRITICAL - 2024-08-09 07:35:16 --> ErrorException: Creating default object from empty value
in APPPATH/Views/order/index.php on line 15.
 1 APPPATH/Views/order/index.php(15): CodeIgniter\Debug\Exceptions->errorHandler(2, 'Creating default object from empty value', '/Applications/MAMP/htdocs/dummy-pos/app/Views/order/index.php', 15, [...])
 2 SYSTEMPATH/View/View.php(228): include('/Applications/MAMP/htdocs/dummy-pos/app/Views/order/index.php')
 3 SYSTEMPATH/View/View.php(231): CodeIgniter\View\View->CodeIgniter\View\{closure}()
 4 SYSTEMPATH/Common.php(1178): CodeIgniter\View\View->render('order/index', [], true)
 5 APPPATH/Controllers/Order.php(35): view('order/index', [...])
 6 SYSTEMPATH/CodeIgniter.php(941): App\Controllers\Order->index()
 7 SYSTEMPATH/CodeIgniter.php(502): CodeIgniter\CodeIgniter->runController(Object(App\Controllers\Order))
 8 SYSTEMPATH/CodeIgniter.php(361): CodeIgniter\CodeIgniter->handleRequest(null, Object(Config\Cache), false)
 9 FCPATH/index.php(79): CodeIgniter\CodeIgniter->run()
CRITICAL - 2024-08-09 07:35:16 --> ErrorException: Creating default object from empty value
in APPPATH/Views/order/index.php on line 15.
 1 APPPATH/Views/order/index.php(15): CodeIgniter\Debug\Exceptions->errorHandler(2, 'Creating default object from empty value', '/Applications/MAMP/htdocs/dummy-pos/app/Views/order/index.php', 15, [...])
 2 SYSTEMPATH/View/View.php(228): include('/Applications/MAMP/htdocs/dummy-pos/app/Views/order/index.php')
 3 SYSTEMPATH/View/View.php(231): CodeIgniter\View\View->CodeIgniter\View\{closure}()
 4 SYSTEMPATH/Common.php(1178): CodeIgniter\View\View->render('order/index', [], true)
 5 APPPATH/Controllers/Order.php(35): view('order/index', [...])
 6 SYSTEMPATH/CodeIgniter.php(941): App\Controllers\Order->index()
 7 SYSTEMPATH/CodeIgniter.php(502): CodeIgniter\CodeIgniter->runController(Object(App\Controllers\Order))
 8 SYSTEMPATH/CodeIgniter.php(361): CodeIgniter\CodeIgniter->handleRequest(null, Object(Config\Cache), false)
 9 FCPATH/index.php(79): CodeIgniter\CodeIgniter->run()
CRITICAL - 2024-08-09 09:42:00 --> ErrorException: Use of undefined constant item - assumed 'item' (this will throw an Error in a future version of PHP)
in APPPATH/Views/order/index.php on line 40.
 1 APPPATH/Views/order/index.php(40): CodeIgniter\Debug\Exceptions->errorHandler(2, 'Use of undefined constant item - assumed \'item\' (this will throw an Error in a future version of PHP)', '/Applications/MAMP/htdocs/dummy-pos/app/Views/order/index.php', 40, [...])
 2 SYSTEMPATH/View/View.php(228): include('/Applications/MAMP/htdocs/dummy-pos/app/Views/order/index.php')
 3 SYSTEMPATH/View/View.php(231): CodeIgniter\View\View->CodeIgniter\View\{closure}()
 4 SYSTEMPATH/Common.php(1178): CodeIgniter\View\View->render('order/index', [], true)
 5 APPPATH/Controllers/Order.php(43): view('order/index', [...])
 6 SYSTEMPATH/CodeIgniter.php(941): App\Controllers\Order->index()
 7 SYSTEMPATH/CodeIgniter.php(502): CodeIgniter\CodeIgniter->runController(Object(App\Controllers\Order))
 8 SYSTEMPATH/CodeIgniter.php(361): CodeIgniter\CodeIgniter->handleRequest(null, Object(Config\Cache), false)
 9 FCPATH/index.php(79): CodeIgniter\CodeIgniter->run()
CRITICAL - 2024-08-09 09:42:01 --> ErrorException: Use of undefined constant item - assumed 'item' (this will throw an Error in a future version of PHP)
in APPPATH/Views/order/index.php on line 40.
 1 APPPATH/Views/order/index.php(40): CodeIgniter\Debug\Exceptions->errorHandler(2, 'Use of undefined constant item - assumed \'item\' (this will throw an Error in a future version of PHP)', '/Applications/MAMP/htdocs/dummy-pos/app/Views/order/index.php', 40, [...])
 2 SYSTEMPATH/View/View.php(228): include('/Applications/MAMP/htdocs/dummy-pos/app/Views/order/index.php')
 3 SYSTEMPATH/View/View.php(231): CodeIgniter\View\View->CodeIgniter\View\{closure}()
 4 SYSTEMPATH/Common.php(1178): CodeIgniter\View\View->render('order/index', [], true)
 5 APPPATH/Controllers/Order.php(43): view('order/index', [...])
 6 SYSTEMPATH/CodeIgniter.php(941): App\Controllers\Order->index()
 7 SYSTEMPATH/CodeIgniter.php(502): CodeIgniter\CodeIgniter->runController(Object(App\Controllers\Order))
 8 SYSTEMPATH/CodeIgniter.php(361): CodeIgniter\CodeIgniter->handleRequest(null, Object(Config\Cache), false)
 9 FCPATH/index.php(79): CodeIgniter\CodeIgniter->run()
CRITICAL - 2024-08-09 10:30:39 --> Error: Class 'App\Controllers\Client' not found
in APPPATH/Controllers/Shipping.php on line 13.
 1 SYSTEMPATH/CodeIgniter.php(941): App\Controllers\Shipping->index()
 2 SYSTEMPATH/CodeIgniter.php(502): CodeIgniter\CodeIgniter->runController(Object(App\Controllers\Shipping))
 3 SYSTEMPATH/CodeIgniter.php(361): CodeIgniter\CodeIgniter->handleRequest(null, Object(Config\Cache), false)
 4 FCPATH/index.php(79): CodeIgniter\CodeIgniter->run()
CRITICAL - 2024-08-09 10:32:53 --> Error: Class 'App\Controllers\Client' not found
in APPPATH/Controllers/Shipping.php on line 13.
 1 SYSTEMPATH/CodeIgniter.php(941): App\Controllers\Shipping->index()
 2 SYSTEMPATH/CodeIgniter.php(502): CodeIgniter\CodeIgniter->runController(Object(App\Controllers\Shipping))
 3 SYSTEMPATH/CodeIgniter.php(361): CodeIgniter\CodeIgniter->handleRequest(null, Object(Config\Cache), false)
 4 FCPATH/index.php(79): CodeIgniter\CodeIgniter->run()
CRITICAL - 2024-08-09 10:32:54 --> Error: Class 'App\Controllers\Client' not found
in APPPATH/Controllers/Shipping.php on line 13.
 1 SYSTEMPATH/CodeIgniter.php(941): App\Controllers\Shipping->index()
 2 SYSTEMPATH/CodeIgniter.php(502): CodeIgniter\CodeIgniter->runController(Object(App\Controllers\Shipping))
 3 SYSTEMPATH/CodeIgniter.php(361): CodeIgniter\CodeIgniter->handleRequest(null, Object(Config\Cache), false)
 4 FCPATH/index.php(79): CodeIgniter\CodeIgniter->run()
CRITICAL - 2024-08-09 10:35:31 --> Error: Class 'App\Controllers\Client' not found
in APPPATH/Controllers/Shipping.php on line 13.
 1 SYSTEMPATH/CodeIgniter.php(941): App\Controllers\Shipping->index()
 2 SYSTEMPATH/CodeIgniter.php(502): CodeIgniter\CodeIgniter->runController(Object(App\Controllers\Shipping))
 3 SYSTEMPATH/CodeIgniter.php(361): CodeIgniter\CodeIgniter->handleRequest(null, Object(Config\Cache), false)
 4 FCPATH/index.php(79): CodeIgniter\CodeIgniter->run()
CRITICAL - 2024-08-09 10:46:08 --> Error: Class 'App\Controllers\Client' not found
in APPPATH/Controllers/Shipping.php on line 13.
 1 SYSTEMPATH/CodeIgniter.php(941): App\Controllers\Shipping->index()
 2 SYSTEMPATH/CodeIgniter.php(502): CodeIgniter\CodeIgniter->runController(Object(App\Controllers\Shipping))
 3 SYSTEMPATH/CodeIgniter.php(361): CodeIgniter\CodeIgniter->handleRequest(null, Object(Config\Cache), false)
 4 FCPATH/index.php(79): CodeIgniter\CodeIgniter->run()
CRITICAL - 2024-08-09 10:57:09 --> Error: Class 'App\Controllers\Client' not found
in APPPATH/Controllers/Shipping.php on line 13.
 1 SYSTEMPATH/CodeIgniter.php(941): App\Controllers\Shipping->index()
 2 SYSTEMPATH/CodeIgniter.php(502): CodeIgniter\CodeIgniter->runController(Object(App\Controllers\Shipping))
 3 SYSTEMPATH/CodeIgniter.php(361): CodeIgniter\CodeIgniter->handleRequest(null, Object(Config\Cache), false)
 4 FCPATH/index.php(79): CodeIgniter\CodeIgniter->run()
CRITICAL - 2024-08-09 10:57:19 --> Error: Class 'App\Controllers\Client' not found
in APPPATH/Controllers/Shipping.php on line 13.
 1 SYSTEMPATH/CodeIgniter.php(941): App\Controllers\Shipping->index()
 2 SYSTEMPATH/CodeIgniter.php(502): CodeIgniter\CodeIgniter->runController(Object(App\Controllers\Shipping))
 3 SYSTEMPATH/CodeIgniter.php(361): CodeIgniter\CodeIgniter->handleRequest(null, Object(Config\Cache), false)
 4 FCPATH/index.php(79): CodeIgniter\CodeIgniter->run()
CRITICAL - 2024-08-09 10:57:20 --> Error: Class 'App\Controllers\Client' not found
in APPPATH/Controllers/Shipping.php on line 13.
 1 SYSTEMPATH/CodeIgniter.php(941): App\Controllers\Shipping->index()
 2 SYSTEMPATH/CodeIgniter.php(502): CodeIgniter\CodeIgniter->runController(Object(App\Controllers\Shipping))
 3 SYSTEMPATH/CodeIgniter.php(361): CodeIgniter\CodeIgniter->handleRequest(null, Object(Config\Cache), false)
 4 FCPATH/index.php(79): CodeIgniter\CodeIgniter->run()
WARNING - 2024-08-09 16:11:43 --> [DEPRECATED] Unparenthesized `a ? b : c ? d : e` is deprecated. Use either `(a ? b : c) ? d : e` or `a ? b : (c ? d : e)` in APPPATH/Views/layout/layouts.php on line 43.
 1 SYSTEMPATH/View/View.php(228): include()
 2 SYSTEMPATH/View/View.php(231): CodeIgniter\View\View->CodeIgniter\View\{closure}()
 3 SYSTEMPATH/View/View.php(244): CodeIgniter\View\View->render('layout/layouts', [], true)
 4 SYSTEMPATH/Common.php(1178): CodeIgniter\View\View->render('shipping/index', [], true)
 5 APPPATH/Controllers/Shipping.php(23): view('shipping/index', [...])
 6 SYSTEMPATH/CodeIgniter.php(941): App\Controllers\Shipping->index()
 7 SYSTEMPATH/CodeIgniter.php(502): CodeIgniter\CodeIgniter->runController(Object(App\Controllers\Shipping))
 8 SYSTEMPATH/CodeIgniter.php(361): CodeIgniter\CodeIgniter->handleRequest(null, Object(Config\Cache), false)
 9 FCPATH/index.php(79): CodeIgniter\CodeIgniter->run()
WARNING - 2024-08-09 16:11:45 --> [DEPRECATED] Unparenthesized `a ? b : c ? d : e` is deprecated. Use either `(a ? b : c) ? d : e` or `a ? b : (c ? d : e)` in APPPATH/Views/layout/layouts.php on line 43.
 1 SYSTEMPATH/View/View.php(228): include()
 2 SYSTEMPATH/View/View.php(231): CodeIgniter\View\View->CodeIgniter\View\{closure}()
 3 SYSTEMPATH/View/View.php(244): CodeIgniter\View\View->render('layout/layouts', [], true)
 4 SYSTEMPATH/Common.php(1178): CodeIgniter\View\View->render('shipping/index', [], true)
 5 APPPATH/Controllers/Shipping.php(23): view('shipping/index', [...])
 6 SYSTEMPATH/CodeIgniter.php(941): App\Controllers\Shipping->index()
 7 SYSTEMPATH/CodeIgniter.php(502): CodeIgniter\CodeIgniter->runController(Object(App\Controllers\Shipping))
 8 SYSTEMPATH/CodeIgniter.php(361): CodeIgniter\CodeIgniter->handleRequest(null, Object(Config\Cache), false)
 9 FCPATH/index.php(79): CodeIgniter\CodeIgniter->run()
WARNING - 2024-08-09 16:11:49 --> [DEPRECATED] Unparenthesized `a ? b : c ? d : e` is deprecated. Use either `(a ? b : c) ? d : e` or `a ? b : (c ? d : e)` in APPPATH/Views/layout/layouts.php on line 43.
 1 SYSTEMPATH/View/View.php(228): include()
 2 SYSTEMPATH/View/View.php(231): CodeIgniter\View\View->CodeIgniter\View\{closure}()
 3 SYSTEMPATH/View/View.php(244): CodeIgniter\View\View->render('layout/layouts', [], true)
 4 SYSTEMPATH/Common.php(1178): CodeIgniter\View\View->render('shipping/index', [], true)
 5 APPPATH/Controllers/Shipping.php(23): view('shipping/index', [...])
 6 SYSTEMPATH/CodeIgniter.php(941): App\Controllers\Shipping->index()
 7 SYSTEMPATH/CodeIgniter.php(502): CodeIgniter\CodeIgniter->runController(Object(App\Controllers\Shipping))
 8 SYSTEMPATH/CodeIgniter.php(361): CodeIgniter\CodeIgniter->handleRequest(null, Object(Config\Cache), false)
 9 FCPATH/index.php(79): CodeIgniter\CodeIgniter->run()
WARNING - 2024-08-09 16:11:49 --> [DEPRECATED] Unparenthesized `a ? b : c ? d : e` is deprecated. Use either `(a ? b : c) ? d : e` or `a ? b : (c ? d : e)` in APPPATH/Views/layout/layouts.php on line 43.
 1 SYSTEMPATH/View/View.php(228): include()
 2 SYSTEMPATH/View/View.php(231): CodeIgniter\View\View->CodeIgniter\View\{closure}()
 3 SYSTEMPATH/View/View.php(244): CodeIgniter\View\View->render('layout/layouts', [], true)
 4 SYSTEMPATH/Common.php(1178): CodeIgniter\View\View->render('shipping/index', [], true)
 5 APPPATH/Controllers/Shipping.php(23): view('shipping/index', [...])
 6 SYSTEMPATH/CodeIgniter.php(941): App\Controllers\Shipping->index()
 7 SYSTEMPATH/CodeIgniter.php(502): CodeIgniter\CodeIgniter->runController(Object(App\Controllers\Shipping))
 8 SYSTEMPATH/CodeIgniter.php(361): CodeIgniter\CodeIgniter->handleRequest(null, Object(Config\Cache), false)
 9 FCPATH/index.php(79): CodeIgniter\CodeIgniter->run()
WARNING - 2024-08-09 16:11:50 --> [DEPRECATED] Unparenthesized `a ? b : c ? d : e` is deprecated. Use either `(a ? b : c) ? d : e` or `a ? b : (c ? d : e)` in APPPATH/Views/layout/layouts.php on line 43.
 1 SYSTEMPATH/View/View.php(228): include()
 2 SYSTEMPATH/View/View.php(231): CodeIgniter\View\View->CodeIgniter\View\{closure}()
 3 SYSTEMPATH/View/View.php(244): CodeIgniter\View\View->render('layout/layouts', [], true)
 4 SYSTEMPATH/Common.php(1178): CodeIgniter\View\View->render('shipping/index', [], true)
 5 APPPATH/Controllers/Shipping.php(23): view('shipping/index', [...])
 6 SYSTEMPATH/CodeIgniter.php(941): App\Controllers\Shipping->index()
 7 SYSTEMPATH/CodeIgniter.php(502): CodeIgniter\CodeIgniter->runController(Object(App\Controllers\Shipping))
 8 SYSTEMPATH/CodeIgniter.php(361): CodeIgniter\CodeIgniter->handleRequest(null, Object(Config\Cache), false)
 9 FCPATH/index.php(79): CodeIgniter\CodeIgniter->run()
WARNING - 2024-08-09 16:11:53 --> [DEPRECATED] Unparenthesized `a ? b : c ? d : e` is deprecated. Use either `(a ? b : c) ? d : e` or `a ? b : (c ? d : e)` in APPPATH/Views/layout/layouts.php on line 43.
 1 SYSTEMPATH/View/View.php(228): include()
 2 SYSTEMPATH/View/View.php(231): CodeIgniter\View\View->CodeIgniter\View\{closure}()
 3 SYSTEMPATH/View/View.php(244): CodeIgniter\View\View->render('layout/layouts', [], true)
 4 SYSTEMPATH/Common.php(1178): CodeIgniter\View\View->render('order/index', [], true)
 5 APPPATH/Controllers/Order.php(26): view('order/index', [...])
 6 SYSTEMPATH/CodeIgniter.php(941): App\Controllers\Order->index()
 7 SYSTEMPATH/CodeIgniter.php(502): CodeIgniter\CodeIgniter->runController(Object(App\Controllers\Order))
 8 SYSTEMPATH/CodeIgniter.php(361): CodeIgniter\CodeIgniter->handleRequest(null, Object(Config\Cache), false)
 9 FCPATH/index.php(79): CodeIgniter\CodeIgniter->run()
WARNING - 2024-08-09 16:11:55 --> [DEPRECATED] Unparenthesized `a ? b : c ? d : e` is deprecated. Use either `(a ? b : c) ? d : e` or `a ? b : (c ? d : e)` in APPPATH/Views/layout/layouts.php on line 43.
 1 SYSTEMPATH/View/View.php(228): include()
 2 SYSTEMPATH/View/View.php(231): CodeIgniter\View\View->CodeIgniter\View\{closure}()
 3 SYSTEMPATH/View/View.php(244): CodeIgniter\View\View->render('layout/layouts', [], true)
 4 SYSTEMPATH/Common.php(1178): CodeIgniter\View\View->render('order/index', [], true)
 5 APPPATH/Controllers/Order.php(26): view('order/index', [...])
 6 SYSTEMPATH/CodeIgniter.php(941): App\Controllers\Order->index()
 7 SYSTEMPATH/CodeIgniter.php(502): CodeIgniter\CodeIgniter->runController(Object(App\Controllers\Order))
 8 SYSTEMPATH/CodeIgniter.php(361): CodeIgniter\CodeIgniter->handleRequest(null, Object(Config\Cache), false)
 9 FCPATH/index.php(79): CodeIgniter\CodeIgniter->run()
WARNING - 2024-08-09 16:11:58 --> [DEPRECATED] Unparenthesized `a ? b : c ? d : e` is deprecated. Use either `(a ? b : c) ? d : e` or `a ? b : (c ? d : e)` in APPPATH/Views/layout/layouts.php on line 43.
 1 SYSTEMPATH/View/View.php(228): include()
 2 SYSTEMPATH/View/View.php(231): CodeIgniter\View\View->CodeIgniter\View\{closure}()
 3 SYSTEMPATH/View/View.php(244): CodeIgniter\View\View->render('layout/layouts', [], true)
 4 SYSTEMPATH/Common.php(1178): CodeIgniter\View\View->render('shipping/index', [], true)
 5 APPPATH/Controllers/Shipping.php(23): view('shipping/index', [...])
 6 SYSTEMPATH/CodeIgniter.php(941): App\Controllers\Shipping->index()
 7 SYSTEMPATH/CodeIgniter.php(502): CodeIgniter\CodeIgniter->runController(Object(App\Controllers\Shipping))
 8 SYSTEMPATH/CodeIgniter.php(361): CodeIgniter\CodeIgniter->handleRequest(null, Object(Config\Cache), false)
 9 FCPATH/index.php(79): CodeIgniter\CodeIgniter->run()
WARNING - 2024-08-09 16:12:01 --> [DEPRECATED] Unparenthesized `a ? b : c ? d : e` is deprecated. Use either `(a ? b : c) ? d : e` or `a ? b : (c ? d : e)` in APPPATH/Views/layout/layouts.php on line 43.
 1 SYSTEMPATH/View/View.php(228): include()
 2 SYSTEMPATH/View/View.php(231): CodeIgniter\View\View->CodeIgniter\View\{closure}()
 3 SYSTEMPATH/View/View.php(244): CodeIgniter\View\View->render('layout/layouts', [], true)
 4 SYSTEMPATH/Common.php(1178): CodeIgniter\View\View->render('order/index', [], true)
 5 APPPATH/Controllers/Order.php(26): view('order/index', [...])
 6 SYSTEMPATH/CodeIgniter.php(941): App\Controllers\Order->index()
 7 SYSTEMPATH/CodeIgniter.php(502): CodeIgniter\CodeIgniter->runController(Object(App\Controllers\Order))
 8 SYSTEMPATH/CodeIgniter.php(361): CodeIgniter\CodeIgniter->handleRequest(null, Object(Config\Cache), false)
 9 FCPATH/index.php(79): CodeIgniter\CodeIgniter->run()
WARNING - 2024-08-09 16:12:47 --> [DEPRECATED] Unparenthesized `a ? b : c ? d : e` is deprecated. Use either `(a ? b : c) ? d : e` or `a ? b : (c ? d : e)` in APPPATH/Views/layout/layouts.php on line 43.
 1 SYSTEMPATH/View/View.php(228): include()
 2 SYSTEMPATH/View/View.php(231): CodeIgniter\View\View->CodeIgniter\View\{closure}()
 3 SYSTEMPATH/View/View.php(244): CodeIgniter\View\View->render('layout/layouts', [], true)
 4 SYSTEMPATH/Common.php(1178): CodeIgniter\View\View->render('order/index', [], true)
 5 APPPATH/Controllers/Order.php(26): view('order/index', [...])
 6 SYSTEMPATH/CodeIgniter.php(941): App\Controllers\Order->index()
 7 SYSTEMPATH/CodeIgniter.php(502): CodeIgniter\CodeIgniter->runController(Object(App\Controllers\Order))
 8 SYSTEMPATH/CodeIgniter.php(361): CodeIgniter\CodeIgniter->handleRequest(null, Object(Config\Cache), false)
 9 FCPATH/index.php(79): CodeIgniter\CodeIgniter->run()
WARNING - 2024-08-09 16:12:49 --> [DEPRECATED] Unparenthesized `a ? b : c ? d : e` is deprecated. Use either `(a ? b : c) ? d : e` or `a ? b : (c ? d : e)` in APPPATH/Views/layout/layouts.php on line 43.
 1 SYSTEMPATH/View/View.php(228): include()
 2 SYSTEMPATH/View/View.php(231): CodeIgniter\View\View->CodeIgniter\View\{closure}()
 3 SYSTEMPATH/View/View.php(244): CodeIgniter\View\View->render('layout/layouts', [], true)
 4 SYSTEMPATH/Common.php(1178): CodeIgniter\View\View->render('order/index', [], true)
 5 APPPATH/Controllers/Order.php(26): view('order/index', [...])
 6 SYSTEMPATH/CodeIgniter.php(941): App\Controllers\Order->index()
 7 SYSTEMPATH/CodeIgniter.php(502): CodeIgniter\CodeIgniter->runController(Object(App\Controllers\Order))
 8 SYSTEMPATH/CodeIgniter.php(361): CodeIgniter\CodeIgniter->handleRequest(null, Object(Config\Cache), false)
 9 FCPATH/index.php(79): CodeIgniter\CodeIgniter->run()
WARNING - 2024-08-09 16:13:00 --> [DEPRECATED] Unparenthesized `a ? b : c ? d : e` is deprecated. Use either `(a ? b : c) ? d : e` or `a ? b : (c ? d : e)` in APPPATH/Views/layout/layouts.php on line 43.
 1 SYSTEMPATH/View/View.php(228): include()
 2 SYSTEMPATH/View/View.php(231): CodeIgniter\View\View->CodeIgniter\View\{closure}()
 3 SYSTEMPATH/View/View.php(244): CodeIgniter\View\View->render('layout/layouts', [], true)
 4 SYSTEMPATH/Common.php(1178): CodeIgniter\View\View->render('shipping/index', [], true)
 5 APPPATH/Controllers/Shipping.php(23): view('shipping/index', [...])
 6 SYSTEMPATH/CodeIgniter.php(941): App\Controllers\Shipping->index()
 7 SYSTEMPATH/CodeIgniter.php(502): CodeIgniter\CodeIgniter->runController(Object(App\Controllers\Shipping))
 8 SYSTEMPATH/CodeIgniter.php(361): CodeIgniter\CodeIgniter->handleRequest(null, Object(Config\Cache), false)
 9 FCPATH/index.php(79): CodeIgniter\CodeIgniter->run()
WARNING - 2024-08-09 16:13:08 --> [DEPRECATED] Unparenthesized `a ? b : c ? d : e` is deprecated. Use either `(a ? b : c) ? d : e` or `a ? b : (c ? d : e)` in APPPATH/Views/layout/layouts.php on line 43.
 1 SYSTEMPATH/View/View.php(228): include()
 2 SYSTEMPATH/View/View.php(231): CodeIgniter\View\View->CodeIgniter\View\{closure}()
 3 SYSTEMPATH/View/View.php(244): CodeIgniter\View\View->render('layout/layouts', [], true)
 4 SYSTEMPATH/Common.php(1178): CodeIgniter\View\View->render('shipping/index', [], true)
 5 APPPATH/Controllers/Shipping.php(23): view('shipping/index', [...])
 6 SYSTEMPATH/CodeIgniter.php(941): App\Controllers\Shipping->index()
 7 SYSTEMPATH/CodeIgniter.php(502): CodeIgniter\CodeIgniter->runController(Object(App\Controllers\Shipping))
 8 SYSTEMPATH/CodeIgniter.php(361): CodeIgniter\CodeIgniter->handleRequest(null, Object(Config\Cache), false)
 9 FCPATH/index.php(79): CodeIgniter\CodeIgniter->run()
WARNING - 2024-08-09 16:13:09 --> [DEPRECATED] Unparenthesized `a ? b : c ? d : e` is deprecated. Use either `(a ? b : c) ? d : e` or `a ? b : (c ? d : e)` in APPPATH/Views/layout/layouts.php on line 43.
 1 SYSTEMPATH/View/View.php(228): include()
 2 SYSTEMPATH/View/View.php(231): CodeIgniter\View\View->CodeIgniter\View\{closure}()
 3 SYSTEMPATH/View/View.php(244): CodeIgniter\View\View->render('layout/layouts', [], true)
 4 SYSTEMPATH/Common.php(1178): CodeIgniter\View\View->render('order/index', [], true)
 5 APPPATH/Controllers/Order.php(26): view('order/index', [...])
 6 SYSTEMPATH/CodeIgniter.php(941): App\Controllers\Order->index()
 7 SYSTEMPATH/CodeIgniter.php(502): CodeIgniter\CodeIgniter->runController(Object(App\Controllers\Order))
 8 SYSTEMPATH/CodeIgniter.php(361): CodeIgniter\CodeIgniter->handleRequest(null, Object(Config\Cache), false)
 9 FCPATH/index.php(79): CodeIgniter\CodeIgniter->run()
WARNING - 2024-08-09 16:13:10 --> [DEPRECATED] Unparenthesized `a ? b : c ? d : e` is deprecated. Use either `(a ? b : c) ? d : e` or `a ? b : (c ? d : e)` in APPPATH/Views/layout/layouts.php on line 43.
 1 SYSTEMPATH/View/View.php(228): include()
 2 SYSTEMPATH/View/View.php(231): CodeIgniter\View\View->CodeIgniter\View\{closure}()
 3 SYSTEMPATH/View/View.php(244): CodeIgniter\View\View->render('layout/layouts', [], true)
 4 SYSTEMPATH/Common.php(1178): CodeIgniter\View\View->render('order/index', [], true)
 5 APPPATH/Controllers/Order.php(26): view('order/index', [...])
 6 SYSTEMPATH/CodeIgniter.php(941): App\Controllers\Order->index()
 7 SYSTEMPATH/CodeIgniter.php(502): CodeIgniter\CodeIgniter->runController(Object(App\Controllers\Order))
 8 SYSTEMPATH/CodeIgniter.php(361): CodeIgniter\CodeIgniter->handleRequest(null, Object(Config\Cache), false)
 9 FCPATH/index.php(79): CodeIgniter\CodeIgniter->run()
WARNING - 2024-08-09 16:21:28 --> [DEPRECATED] Unparenthesized `a ? b : c ? d : e` is deprecated. Use either `(a ? b : c) ? d : e` or `a ? b : (c ? d : e)` in APPPATH/Views/layout/layouts.php on line 43.
 1 SYSTEMPATH/View/View.php(228): include()
 2 SYSTEMPATH/View/View.php(231): CodeIgniter\View\View->CodeIgniter\View\{closure}()
 3 SYSTEMPATH/View/View.php(244): CodeIgniter\View\View->render('layout/layouts', [], true)
 4 SYSTEMPATH/Common.php(1178): CodeIgniter\View\View->render('order/index', [], true)
 5 APPPATH/Controllers/Order.php(26): view('order/index', [...])
 6 SYSTEMPATH/CodeIgniter.php(941): App\Controllers\Order->index()
 7 SYSTEMPATH/CodeIgniter.php(502): CodeIgniter\CodeIgniter->runController(Object(App\Controllers\Order))
 8 SYSTEMPATH/CodeIgniter.php(361): CodeIgniter\CodeIgniter->handleRequest(null, Object(Config\Cache), false)
 9 FCPATH/index.php(79): CodeIgniter\CodeIgniter->run()
WARNING - 2024-08-09 16:21:30 --> [DEPRECATED] Unparenthesized `a ? b : c ? d : e` is deprecated. Use either `(a ? b : c) ? d : e` or `a ? b : (c ? d : e)` in APPPATH/Views/layout/layouts.php on line 43.
 1 SYSTEMPATH/View/View.php(228): include()
 2 SYSTEMPATH/View/View.php(231): CodeIgniter\View\View->CodeIgniter\View\{closure}()
 3 SYSTEMPATH/View/View.php(244): CodeIgniter\View\View->render('layout/layouts', [], true)
 4 SYSTEMPATH/Common.php(1178): CodeIgniter\View\View->render('order/index', [], true)
 5 APPPATH/Controllers/Order.php(26): view('order/index', [...])
 6 SYSTEMPATH/CodeIgniter.php(941): App\Controllers\Order->index()
 7 SYSTEMPATH/CodeIgniter.php(502): CodeIgniter\CodeIgniter->runController(Object(App\Controllers\Order))
 8 SYSTEMPATH/CodeIgniter.php(361): CodeIgniter\CodeIgniter->handleRequest(null, Object(Config\Cache), false)
 9 FCPATH/index.php(79): CodeIgniter\CodeIgniter->run()
WARNING - 2024-08-09 16:24:25 --> [DEPRECATED] Unparenthesized `a ? b : c ? d : e` is deprecated. Use either `(a ? b : c) ? d : e` or `a ? b : (c ? d : e)` in APPPATH/Views/layout/layouts.php on line 43.
 1 SYSTEMPATH/View/View.php(228): include()
 2 SYSTEMPATH/View/View.php(231): CodeIgniter\View\View->CodeIgniter\View\{closure}()
 3 SYSTEMPATH/View/View.php(244): CodeIgniter\View\View->render('layout/layouts', [], true)
 4 SYSTEMPATH/Common.php(1178): CodeIgniter\View\View->render('order/index', [], true)
 5 APPPATH/Controllers/Order.php(26): view('order/index', [...])
 6 SYSTEMPATH/CodeIgniter.php(941): App\Controllers\Order->index()
 7 SYSTEMPATH/CodeIgniter.php(502): CodeIgniter\CodeIgniter->runController(Object(App\Controllers\Order))
 8 SYSTEMPATH/CodeIgniter.php(361): CodeIgniter\CodeIgniter->handleRequest(null, Object(Config\Cache), false)
 9 FCPATH/index.php(79): CodeIgniter\CodeIgniter->run()
WARNING - 2024-08-09 16:24:29 --> [DEPRECATED] Unparenthesized `a ? b : c ? d : e` is deprecated. Use either `(a ? b : c) ? d : e` or `a ? b : (c ? d : e)` in APPPATH/Views/layout/layouts.php on line 43.
 1 SYSTEMPATH/View/View.php(228): include()
 2 SYSTEMPATH/View/View.php(231): CodeIgniter\View\View->CodeIgniter\View\{closure}()
 3 SYSTEMPATH/View/View.php(244): CodeIgniter\View\View->render('layout/layouts', [], true)
 4 SYSTEMPATH/Common.php(1178): CodeIgniter\View\View->render('shipping/index', [], true)
 5 APPPATH/Controllers/Shipping.php(23): view('shipping/index', [...])
 6 SYSTEMPATH/CodeIgniter.php(941): App\Controllers\Shipping->index()
 7 SYSTEMPATH/CodeIgniter.php(502): CodeIgniter\CodeIgniter->runController(Object(App\Controllers\Shipping))
 8 SYSTEMPATH/CodeIgniter.php(361): CodeIgniter\CodeIgniter->handleRequest(null, Object(Config\Cache), false)
 9 FCPATH/index.php(79): CodeIgniter\CodeIgniter->run()
WARNING - 2024-08-09 16:32:04 --> [DEPRECATED] Unparenthesized `a ? b : c ? d : e` is deprecated. Use either `(a ? b : c) ? d : e` or `a ? b : (c ? d : e)` in APPPATH/Views/layout/layouts.php on line 43.
 1 SYSTEMPATH/View/View.php(228): include()
 2 SYSTEMPATH/View/View.php(231): CodeIgniter\View\View->CodeIgniter\View\{closure}()
 3 SYSTEMPATH/View/View.php(244): CodeIgniter\View\View->render('layout/layouts', [], true)
 4 SYSTEMPATH/Common.php(1178): CodeIgniter\View\View->render('shipping/index', [], true)
 5 APPPATH/Controllers/Shipping.php(26): view('shipping/index', [...])
 6 SYSTEMPATH/CodeIgniter.php(941): App\Controllers\Shipping->index()
 7 SYSTEMPATH/CodeIgniter.php(502): CodeIgniter\CodeIgniter->runController(Object(App\Controllers\Shipping))
 8 SYSTEMPATH/CodeIgniter.php(361): CodeIgniter\CodeIgniter->handleRequest(null, Object(Config\Cache), false)
 9 FCPATH/index.php(79): CodeIgniter\CodeIgniter->run()
WARNING - 2024-08-09 16:32:05 --> [DEPRECATED] Unparenthesized `a ? b : c ? d : e` is deprecated. Use either `(a ? b : c) ? d : e` or `a ? b : (c ? d : e)` in APPPATH/Views/layout/layouts.php on line 43.
 1 SYSTEMPATH/View/View.php(228): include()
 2 SYSTEMPATH/View/View.php(231): CodeIgniter\View\View->CodeIgniter\View\{closure}()
 3 SYSTEMPATH/View/View.php(244): CodeIgniter\View\View->render('layout/layouts', [], true)
 4 SYSTEMPATH/Common.php(1178): CodeIgniter\View\View->render('shipping/index', [], true)
 5 APPPATH/Controllers/Shipping.php(26): view('shipping/index', [...])
 6 SYSTEMPATH/CodeIgniter.php(941): App\Controllers\Shipping->index()
 7 SYSTEMPATH/CodeIgniter.php(502): CodeIgniter\CodeIgniter->runController(Object(App\Controllers\Shipping))
 8 SYSTEMPATH/CodeIgniter.php(361): CodeIgniter\CodeIgniter->handleRequest(null, Object(Config\Cache), false)
 9 FCPATH/index.php(79): CodeIgniter\CodeIgniter->run()
WARNING - 2024-08-09 16:32:06 --> [DEPRECATED] Unparenthesized `a ? b : c ? d : e` is deprecated. Use either `(a ? b : c) ? d : e` or `a ? b : (c ? d : e)` in APPPATH/Views/layout/layouts.php on line 43.
 1 SYSTEMPATH/View/View.php(228): include()
 2 SYSTEMPATH/View/View.php(231): CodeIgniter\View\View->CodeIgniter\View\{closure}()
 3 SYSTEMPATH/View/View.php(244): CodeIgniter\View\View->render('layout/layouts', [], true)
 4 SYSTEMPATH/Common.php(1178): CodeIgniter\View\View->render('shipping/index', [], true)
 5 APPPATH/Controllers/Shipping.php(26): view('shipping/index', [...])
 6 SYSTEMPATH/CodeIgniter.php(941): App\Controllers\Shipping->index()
 7 SYSTEMPATH/CodeIgniter.php(502): CodeIgniter\CodeIgniter->runController(Object(App\Controllers\Shipping))
 8 SYSTEMPATH/CodeIgniter.php(361): CodeIgniter\CodeIgniter->handleRequest(null, Object(Config\Cache), false)
 9 FCPATH/index.php(79): CodeIgniter\CodeIgniter->run()
WARNING - 2024-08-09 16:32:07 --> [DEPRECATED] Unparenthesized `a ? b : c ? d : e` is deprecated. Use either `(a ? b : c) ? d : e` or `a ? b : (c ? d : e)` in APPPATH/Views/layout/layouts.php on line 43.
 1 SYSTEMPATH/View/View.php(228): include()
 2 SYSTEMPATH/View/View.php(231): CodeIgniter\View\View->CodeIgniter\View\{closure}()
 3 SYSTEMPATH/View/View.php(244): CodeIgniter\View\View->render('layout/layouts', [], true)
 4 SYSTEMPATH/Common.php(1178): CodeIgniter\View\View->render('shipping/index', [], true)
 5 APPPATH/Controllers/Shipping.php(26): view('shipping/index', [...])
 6 SYSTEMPATH/CodeIgniter.php(941): App\Controllers\Shipping->index()
 7 SYSTEMPATH/CodeIgniter.php(502): CodeIgniter\CodeIgniter->runController(Object(App\Controllers\Shipping))
 8 SYSTEMPATH/CodeIgniter.php(361): CodeIgniter\CodeIgniter->handleRequest(null, Object(Config\Cache), false)
 9 FCPATH/index.php(79): CodeIgniter\CodeIgniter->run()
WARNING - 2024-08-09 16:32:15 --> [DEPRECATED] Unparenthesized `a ? b : c ? d : e` is deprecated. Use either `(a ? b : c) ? d : e` or `a ? b : (c ? d : e)` in APPPATH/Views/layout/layouts.php on line 43.
 1 SYSTEMPATH/View/View.php(228): include()
 2 SYSTEMPATH/View/View.php(231): CodeIgniter\View\View->CodeIgniter\View\{closure}()
 3 SYSTEMPATH/View/View.php(244): CodeIgniter\View\View->render('layout/layouts', [], true)
 4 SYSTEMPATH/Common.php(1178): CodeIgniter\View\View->render('order/index', [], true)
 5 APPPATH/Controllers/Order.php(26): view('order/index', [...])
 6 SYSTEMPATH/CodeIgniter.php(941): App\Controllers\Order->index()
 7 SYSTEMPATH/CodeIgniter.php(502): CodeIgniter\CodeIgniter->runController(Object(App\Controllers\Order))
 8 SYSTEMPATH/CodeIgniter.php(361): CodeIgniter\CodeIgniter->handleRequest(null, Object(Config\Cache), false)
 9 FCPATH/index.php(79): CodeIgniter\CodeIgniter->run()
WARNING - 2024-08-09 16:32:35 --> [DEPRECATED] Unparenthesized `a ? b : c ? d : e` is deprecated. Use either `(a ? b : c) ? d : e` or `a ? b : (c ? d : e)` in APPPATH/Views/layout/layouts.php on line 43.
 1 SYSTEMPATH/View/View.php(228): include()
 2 SYSTEMPATH/View/View.php(231): CodeIgniter\View\View->CodeIgniter\View\{closure}()
 3 SYSTEMPATH/View/View.php(244): CodeIgniter\View\View->render('layout/layouts', [], true)
 4 SYSTEMPATH/Common.php(1178): CodeIgniter\View\View->render('order/index', [], true)
 5 APPPATH/Controllers/Order.php(26): view('order/index', [...])
 6 SYSTEMPATH/CodeIgniter.php(941): App\Controllers\Order->index()
 7 SYSTEMPATH/CodeIgniter.php(502): CodeIgniter\CodeIgniter->runController(Object(App\Controllers\Order))
 8 SYSTEMPATH/CodeIgniter.php(361): CodeIgniter\CodeIgniter->handleRequest(null, Object(Config\Cache), false)
 9 FCPATH/index.php(79): CodeIgniter\CodeIgniter->run()
WARNING - 2024-08-09 16:32:39 --> [DEPRECATED] Unparenthesized `a ? b : c ? d : e` is deprecated. Use either `(a ? b : c) ? d : e` or `a ? b : (c ? d : e)` in APPPATH/Views/layout/layouts.php on line 43.
 1 SYSTEMPATH/View/View.php(228): include()
 2 SYSTEMPATH/View/View.php(231): CodeIgniter\View\View->CodeIgniter\View\{closure}()
 3 SYSTEMPATH/View/View.php(244): CodeIgniter\View\View->render('layout/layouts', [], true)
 4 SYSTEMPATH/Common.php(1178): CodeIgniter\View\View->render('shipping/index', [], true)
 5 APPPATH/Controllers/Shipping.php(26): view('shipping/index', [...])
 6 SYSTEMPATH/CodeIgniter.php(941): App\Controllers\Shipping->index()
 7 SYSTEMPATH/CodeIgniter.php(502): CodeIgniter\CodeIgniter->runController(Object(App\Controllers\Shipping))
 8 SYSTEMPATH/CodeIgniter.php(361): CodeIgniter\CodeIgniter->handleRequest(null, Object(Config\Cache), false)
 9 FCPATH/index.php(79): CodeIgniter\CodeIgniter->run()
WARNING - 2024-08-09 16:35:03 --> [DEPRECATED] Unparenthesized `a ? b : c ? d : e` is deprecated. Use either `(a ? b : c) ? d : e` or `a ? b : (c ? d : e)` in APPPATH/Views/layout/layouts.php on line 43.
 1 SYSTEMPATH/View/View.php(228): include()
 2 SYSTEMPATH/View/View.php(231): CodeIgniter\View\View->CodeIgniter\View\{closure}()
 3 SYSTEMPATH/View/View.php(244): CodeIgniter\View\View->render('layout/layouts', [], true)
 4 SYSTEMPATH/Common.php(1178): CodeIgniter\View\View->render('shipping/index', [], true)
 5 APPPATH/Controllers/Shipping.php(26): view('shipping/index', [...])
 6 SYSTEMPATH/CodeIgniter.php(941): App\Controllers\Shipping->index()
 7 SYSTEMPATH/CodeIgniter.php(502): CodeIgniter\CodeIgniter->runController(Object(App\Controllers\Shipping))
 8 SYSTEMPATH/CodeIgniter.php(361): CodeIgniter\CodeIgniter->handleRequest(null, Object(Config\Cache), false)
 9 FCPATH/index.php(79): CodeIgniter\CodeIgniter->run()
WARNING - 2024-08-09 16:35:04 --> [DEPRECATED] Unparenthesized `a ? b : c ? d : e` is deprecated. Use either `(a ? b : c) ? d : e` or `a ? b : (c ? d : e)` in APPPATH/Views/layout/layouts.php on line 43.
 1 SYSTEMPATH/View/View.php(228): include()
 2 SYSTEMPATH/View/View.php(231): CodeIgniter\View\View->CodeIgniter\View\{closure}()
 3 SYSTEMPATH/View/View.php(244): CodeIgniter\View\View->render('layout/layouts', [], true)
 4 SYSTEMPATH/Common.php(1178): CodeIgniter\View\View->render('shipping/index', [], true)
 5 APPPATH/Controllers/Shipping.php(26): view('shipping/index', [...])
 6 SYSTEMPATH/CodeIgniter.php(941): App\Controllers\Shipping->index()
 7 SYSTEMPATH/CodeIgniter.php(502): CodeIgniter\CodeIgniter->runController(Object(App\Controllers\Shipping))
 8 SYSTEMPATH/CodeIgniter.php(361): CodeIgniter\CodeIgniter->handleRequest(null, Object(Config\Cache), false)
 9 FCPATH/index.php(79): CodeIgniter\CodeIgniter->run()
WARNING - 2024-08-09 16:36:11 --> [DEPRECATED] Unparenthesized `a ? b : c ? d : e` is deprecated. Use either `(a ? b : c) ? d : e` or `a ? b : (c ? d : e)` in APPPATH/Views/layout/layouts.php on line 43.
 1 SYSTEMPATH/View/View.php(228): include()
 2 SYSTEMPATH/View/View.php(231): CodeIgniter\View\View->CodeIgniter\View\{closure}()
 3 SYSTEMPATH/View/View.php(244): CodeIgniter\View\View->render('layout/layouts', [], true)
 4 SYSTEMPATH/Common.php(1178): CodeIgniter\View\View->render('shipping/index', [], true)
 5 APPPATH/Controllers/Shipping.php(26): view('shipping/index', [...])
 6 SYSTEMPATH/CodeIgniter.php(941): App\Controllers\Shipping->index()
 7 SYSTEMPATH/CodeIgniter.php(502): CodeIgniter\CodeIgniter->runController(Object(App\Controllers\Shipping))
 8 SYSTEMPATH/CodeIgniter.php(361): CodeIgniter\CodeIgniter->handleRequest(null, Object(Config\Cache), false)
 9 FCPATH/index.php(79): CodeIgniter\CodeIgniter->run()
WARNING - 2024-08-09 16:36:12 --> [DEPRECATED] Unparenthesized `a ? b : c ? d : e` is deprecated. Use either `(a ? b : c) ? d : e` or `a ? b : (c ? d : e)` in APPPATH/Views/layout/layouts.php on line 43.
 1 SYSTEMPATH/View/View.php(228): include()
 2 SYSTEMPATH/View/View.php(231): CodeIgniter\View\View->CodeIgniter\View\{closure}()
 3 SYSTEMPATH/View/View.php(244): CodeIgniter\View\View->render('layout/layouts', [], true)
 4 SYSTEMPATH/Common.php(1178): CodeIgniter\View\View->render('shipping/index', [], true)
 5 APPPATH/Controllers/Shipping.php(26): view('shipping/index', [...])
 6 SYSTEMPATH/CodeIgniter.php(941): App\Controllers\Shipping->index()
 7 SYSTEMPATH/CodeIgniter.php(502): CodeIgniter\CodeIgniter->runController(Object(App\Controllers\Shipping))
 8 SYSTEMPATH/CodeIgniter.php(361): CodeIgniter\CodeIgniter->handleRequest(null, Object(Config\Cache), false)
 9 FCPATH/index.php(79): CodeIgniter\CodeIgniter->run()
WARNING - 2024-08-09 16:38:40 --> [DEPRECATED] Unparenthesized `a ? b : c ? d : e` is deprecated. Use either `(a ? b : c) ? d : e` or `a ? b : (c ? d : e)` in APPPATH/Views/layout/layouts.php on line 43.
 1 SYSTEMPATH/View/View.php(228): include()
 2 SYSTEMPATH/View/View.php(231): CodeIgniter\View\View->CodeIgniter\View\{closure}()
 3 SYSTEMPATH/View/View.php(244): CodeIgniter\View\View->render('layout/layouts', [], true)
 4 SYSTEMPATH/Common.php(1178): CodeIgniter\View\View->render('shipping/index', [], true)
 5 APPPATH/Controllers/Shipping.php(26): view('shipping/index', [...])
 6 SYSTEMPATH/CodeIgniter.php(941): App\Controllers\Shipping->index()
 7 SYSTEMPATH/CodeIgniter.php(502): CodeIgniter\CodeIgniter->runController(Object(App\Controllers\Shipping))
 8 SYSTEMPATH/CodeIgniter.php(361): CodeIgniter\CodeIgniter->handleRequest(null, Object(Config\Cache), false)
 9 FCPATH/index.php(79): CodeIgniter\CodeIgniter->run()
WARNING - 2024-08-09 16:38:41 --> [DEPRECATED] Unparenthesized `a ? b : c ? d : e` is deprecated. Use either `(a ? b : c) ? d : e` or `a ? b : (c ? d : e)` in APPPATH/Views/layout/layouts.php on line 43.
 1 SYSTEMPATH/View/View.php(228): include()
 2 SYSTEMPATH/View/View.php(231): CodeIgniter\View\View->CodeIgniter\View\{closure}()
 3 SYSTEMPATH/View/View.php(244): CodeIgniter\View\View->render('layout/layouts', [], true)
 4 SYSTEMPATH/Common.php(1178): CodeIgniter\View\View->render('shipping/index', [], true)
 5 APPPATH/Controllers/Shipping.php(26): view('shipping/index', [...])
 6 SYSTEMPATH/CodeIgniter.php(941): App\Controllers\Shipping->index()
 7 SYSTEMPATH/CodeIgniter.php(502): CodeIgniter\CodeIgniter->runController(Object(App\Controllers\Shipping))
 8 SYSTEMPATH/CodeIgniter.php(361): CodeIgniter\CodeIgniter->handleRequest(null, Object(Config\Cache), false)
 9 FCPATH/index.php(79): CodeIgniter\CodeIgniter->run()
WARNING - 2024-08-09 16:39:01 --> [DEPRECATED] Unparenthesized `a ? b : c ? d : e` is deprecated. Use either `(a ? b : c) ? d : e` or `a ? b : (c ? d : e)` in APPPATH/Views/layout/layouts.php on line 43.
 1 SYSTEMPATH/View/View.php(228): include()
 2 SYSTEMPATH/View/View.php(231): CodeIgniter\View\View->CodeIgniter\View\{closure}()
 3 SYSTEMPATH/View/View.php(244): CodeIgniter\View\View->render('layout/layouts', [], true)
 4 SYSTEMPATH/Common.php(1178): CodeIgniter\View\View->render('shipping/index', [], true)
 5 APPPATH/Controllers/Shipping.php(26): view('shipping/index', [...])
 6 SYSTEMPATH/CodeIgniter.php(941): App\Controllers\Shipping->index()
 7 SYSTEMPATH/CodeIgniter.php(502): CodeIgniter\CodeIgniter->runController(Object(App\Controllers\Shipping))
 8 SYSTEMPATH/CodeIgniter.php(361): CodeIgniter\CodeIgniter->handleRequest(null, Object(Config\Cache), false)
 9 FCPATH/index.php(79): CodeIgniter\CodeIgniter->run()
WARNING - 2024-08-09 16:39:02 --> [DEPRECATED] Unparenthesized `a ? b : c ? d : e` is deprecated. Use either `(a ? b : c) ? d : e` or `a ? b : (c ? d : e)` in APPPATH/Views/layout/layouts.php on line 43.
 1 SYSTEMPATH/View/View.php(228): include()
 2 SYSTEMPATH/View/View.php(231): CodeIgniter\View\View->CodeIgniter\View\{closure}()
 3 SYSTEMPATH/View/View.php(244): CodeIgniter\View\View->render('layout/layouts', [], true)
 4 SYSTEMPATH/Common.php(1178): CodeIgniter\View\View->render('shipping/index', [], true)
 5 APPPATH/Controllers/Shipping.php(26): view('shipping/index', [...])
 6 SYSTEMPATH/CodeIgniter.php(941): App\Controllers\Shipping->index()
 7 SYSTEMPATH/CodeIgniter.php(502): CodeIgniter\CodeIgniter->runController(Object(App\Controllers\Shipping))
 8 SYSTEMPATH/CodeIgniter.php(361): CodeIgniter\CodeIgniter->handleRequest(null, Object(Config\Cache), false)
 9 FCPATH/index.php(79): CodeIgniter\CodeIgniter->run()
WARNING - 2024-08-09 16:39:31 --> [DEPRECATED] Unparenthesized `a ? b : c ? d : e` is deprecated. Use either `(a ? b : c) ? d : e` or `a ? b : (c ? d : e)` in APPPATH/Views/layout/layouts.php on line 43.
 1 SYSTEMPATH/View/View.php(228): include()
 2 SYSTEMPATH/View/View.php(231): CodeIgniter\View\View->CodeIgniter\View\{closure}()
 3 SYSTEMPATH/View/View.php(244): CodeIgniter\View\View->render('layout/layouts', [], true)
 4 SYSTEMPATH/Common.php(1178): CodeIgniter\View\View->render('shipping/index', [], true)
 5 APPPATH/Controllers/Shipping.php(26): view('shipping/index', [...])
 6 SYSTEMPATH/CodeIgniter.php(941): App\Controllers\Shipping->index()
 7 SYSTEMPATH/CodeIgniter.php(502): CodeIgniter\CodeIgniter->runController(Object(App\Controllers\Shipping))
 8 SYSTEMPATH/CodeIgniter.php(361): CodeIgniter\CodeIgniter->handleRequest(null, Object(Config\Cache), false)
 9 FCPATH/index.php(79): CodeIgniter\CodeIgniter->run()
INFO - 2024-08-09 16:40:02 --> Session: Class initialized using 'CodeIgniter\Session\Handlers\FileHandler' driver.
INFO - 2024-08-09 16:40:02 --> Session: Class initialized using 'CodeIgniter\Session\Handlers\FileHandler' driver.
WARNING - 2024-08-09 16:40:02 --> [DEPRECATED] Unparenthesized `a ? b : c ? d : e` is deprecated. Use either `(a ? b : c) ? d : e` or `a ? b : (c ? d : e)` in APPPATH/Views/layout/layouts.php on line 43.
 1 SYSTEMPATH/View/View.php(228): include()
 2 SYSTEMPATH/View/View.php(231): CodeIgniter\View\View->CodeIgniter\View\{closure}()
 3 SYSTEMPATH/View/View.php(244): CodeIgniter\View\View->render('layout/layouts', [], true)
 4 SYSTEMPATH/Common.php(1178): CodeIgniter\View\View->render('checkout/index', [], true)
 5 APPPATH/Controllers/Checkout.php(22): view('checkout/index', [...])
 6 SYSTEMPATH/CodeIgniter.php(941): App\Controllers\Checkout->index('1')
 7 SYSTEMPATH/CodeIgniter.php(502): CodeIgniter\CodeIgniter->runController(Object(App\Controllers\Checkout))
 8 SYSTEMPATH/CodeIgniter.php(361): CodeIgniter\CodeIgniter->handleRequest(null, Object(Config\Cache), false)
 9 FCPATH/index.php(79): CodeIgniter\CodeIgniter->run()
INFO - 2024-08-09 16:43:51 --> Session: Class initialized using 'CodeIgniter\Session\Handlers\FileHandler' driver.
WARNING - 2024-08-09 16:43:51 --> [DEPRECATED] Unparenthesized `a ? b : c ? d : e` is deprecated. Use either `(a ? b : c) ? d : e` or `a ? b : (c ? d : e)` in APPPATH/Views/layout/layouts.php on line 43.
 1 SYSTEMPATH/View/View.php(228): include()
 2 SYSTEMPATH/View/View.php(231): CodeIgniter\View\View->CodeIgniter\View\{closure}()
 3 SYSTEMPATH/View/View.php(244): CodeIgniter\View\View->render('layout/layouts', [], true)
 4 SYSTEMPATH/Common.php(1178): CodeIgniter\View\View->render('checkout/index', [], true)
 5 APPPATH/Controllers/Checkout.php(32): view('checkout/index', [...])
 6 SYSTEMPATH/CodeIgniter.php(941): App\Controllers\Checkout->index('1')
 7 SYSTEMPATH/CodeIgniter.php(502): CodeIgniter\CodeIgniter->runController(Object(App\Controllers\Checkout))
 8 SYSTEMPATH/CodeIgniter.php(361): CodeIgniter\CodeIgniter->handleRequest(null, Object(Config\Cache), false)
 9 FCPATH/index.php(79): CodeIgniter\CodeIgniter->run()
