CRITICAL - 2024-08-08 08:12:06 --> ParseError: syntax error, unexpected '?>', expecting ')'
in APPPATH/Views/cart/index.php on line 23.
 1 SYSTEMPATH/View/View.php(231): CodeIgniter\View\View->CodeIgniter\View\{closure}()
 2 SYSTEMPATH/Common.php(1178): CodeIgniter\View\View->render('cart/index', [], true)
 3 APPPATH/Controllers/Cart.php(47): view('cart/index', [...])
 4 SYSTEMPATH/CodeIgniter.php(941): App\Controllers\Cart->index('1')
 5 SYSTEMPATH/CodeIgniter.php(502): CodeIgniter\CodeIgniter->runController(Object(App\Controllers\Cart))
 6 SYSTEMPATH/CodeIgniter.php(361): CodeIgniter\CodeIgniter->handleRequest(null, Object(Config\Cache), false)
 7 FCPATH/index.php(79): CodeIgniter\CodeIgniter->run()
CRITICAL - 2024-08-08 08:12:07 --> Error: Call to undefined function formatRupiah()
in APPPATH/Views/cart/index.php on line 23.
 1 SYSTEMPATH/View/View.php(228): include()
 2 SYSTEMPATH/View/View.php(231): CodeIgniter\View\View->CodeIgniter\View\{closure}()
 3 SYSTEMPATH/Common.php(1178): CodeIgniter\View\View->render('cart/index', [], true)
 4 APPPATH/Controllers/Cart.php(47): view('cart/index', [...])
 5 SYSTEMPATH/CodeIgniter.php(941): App\Controllers\Cart->index('1')
 6 SYSTEMPATH/CodeIgniter.php(502): CodeIgniter\CodeIgniter->runController(Object(App\Controllers\Cart))
 7 SYSTEMPATH/CodeIgniter.php(361): CodeIgniter\CodeIgniter->handleRequest(null, Object(Config\Cache), false)
 8 FCPATH/index.php(79): CodeIgniter\CodeIgniter->run()
CRITICAL - 2024-08-08 08:12:07 --> Error: Call to undefined function formatRupiah()
in APPPATH/Views/cart/index.php on line 23.
 1 SYSTEMPATH/View/View.php(228): include()
 2 SYSTEMPATH/View/View.php(231): CodeIgniter\View\View->CodeIgniter\View\{closure}()
 3 SYSTEMPATH/Common.php(1178): CodeIgniter\View\View->render('cart/index', [], true)
 4 APPPATH/Controllers/Cart.php(47): view('cart/index', [...])
 5 SYSTEMPATH/CodeIgniter.php(941): App\Controllers\Cart->index('1')
 6 SYSTEMPATH/CodeIgniter.php(502): CodeIgniter\CodeIgniter->runController(Object(App\Controllers\Cart))
 7 SYSTEMPATH/CodeIgniter.php(361): CodeIgniter\CodeIgniter->handleRequest(null, Object(Config\Cache), false)
 8 FCPATH/index.php(79): CodeIgniter\CodeIgniter->run()
CRITICAL - 2024-08-08 08:12:07 --> Error: Call to undefined function formatRupiah()
in APPPATH/Views/cart/index.php on line 23.
 1 SYSTEMPATH/View/View.php(228): include()
 2 SYSTEMPATH/View/View.php(231): CodeIgniter\View\View->CodeIgniter\View\{closure}()
 3 SYSTEMPATH/Common.php(1178): CodeIgniter\View\View->render('cart/index', [], true)
 4 APPPATH/Controllers/Cart.php(47): view('cart/index', [...])
 5 SYSTEMPATH/CodeIgniter.php(941): App\Controllers\Cart->index('1')
 6 SYSTEMPATH/CodeIgniter.php(502): CodeIgniter\CodeIgniter->runController(Object(App\Controllers\Cart))
 7 SYSTEMPATH/CodeIgniter.php(361): CodeIgniter\CodeIgniter->handleRequest(null, Object(Config\Cache), false)
 8 FCPATH/index.php(79): CodeIgniter\CodeIgniter->run()
CRITICAL - 2024-08-08 08:12:07 --> Error: Call to undefined function formatRupiah()
in APPPATH/Views/cart/index.php on line 23.
 1 SYSTEMPATH/View/View.php(228): include()
 2 SYSTEMPATH/View/View.php(231): CodeIgniter\View\View->CodeIgniter\View\{closure}()
 3 SYSTEMPATH/Common.php(1178): CodeIgniter\View\View->render('cart/index', [], true)
 4 APPPATH/Controllers/Cart.php(47): view('cart/index', [...])
 5 SYSTEMPATH/CodeIgniter.php(941): App\Controllers\Cart->index('1')
 6 SYSTEMPATH/CodeIgniter.php(502): CodeIgniter\CodeIgniter->runController(Object(App\Controllers\Cart))
 7 SYSTEMPATH/CodeIgniter.php(361): CodeIgniter\CodeIgniter->handleRequest(null, Object(Config\Cache), false)
 8 FCPATH/index.php(79): CodeIgniter\CodeIgniter->run()
CRITICAL - 2024-08-08 08:12:08 --> Error: Call to undefined function formatRupiah()
in APPPATH/Views/cart/index.php on line 23.
 1 SYSTEMPATH/View/View.php(228): include()
 2 SYSTEMPATH/View/View.php(231): CodeIgniter\View\View->CodeIgniter\View\{closure}()
 3 SYSTEMPATH/Common.php(1178): CodeIgniter\View\View->render('cart/index', [], true)
 4 APPPATH/Controllers/Cart.php(47): view('cart/index', [...])
 5 SYSTEMPATH/CodeIgniter.php(941): App\Controllers\Cart->index('1')
 6 SYSTEMPATH/CodeIgniter.php(502): CodeIgniter\CodeIgniter->runController(Object(App\Controllers\Cart))
 7 SYSTEMPATH/CodeIgniter.php(361): CodeIgniter\CodeIgniter->handleRequest(null, Object(Config\Cache), false)
 8 FCPATH/index.php(79): CodeIgniter\CodeIgniter->run()
CRITICAL - 2024-08-08 08:12:15 --> Error: Call to undefined function formatRupiah()
in APPPATH/Views/cart/index.php on line 23.
 1 SYSTEMPATH/View/View.php(228): include()
 2 SYSTEMPATH/View/View.php(231): CodeIgniter\View\View->CodeIgniter\View\{closure}()
 3 SYSTEMPATH/Common.php(1178): CodeIgniter\View\View->render('cart/index', [], true)
 4 APPPATH/Controllers/Cart.php(47): view('cart/index', [...])
 5 SYSTEMPATH/CodeIgniter.php(941): App\Controllers\Cart->index('1')
 6 SYSTEMPATH/CodeIgniter.php(502): CodeIgniter\CodeIgniter->runController(Object(App\Controllers\Cart))
 7 SYSTEMPATH/CodeIgniter.php(361): CodeIgniter\CodeIgniter->handleRequest(null, Object(Config\Cache), false)
 8 FCPATH/index.php(79): CodeIgniter\CodeIgniter->run()
CRITICAL - 2024-08-08 08:12:15 --> Error: Call to undefined function formatRupiah()
in APPPATH/Views/cart/index.php on line 23.
 1 SYSTEMPATH/View/View.php(228): include()
 2 SYSTEMPATH/View/View.php(231): CodeIgniter\View\View->CodeIgniter\View\{closure}()
 3 SYSTEMPATH/Common.php(1178): CodeIgniter\View\View->render('cart/index', [], true)
 4 APPPATH/Controllers/Cart.php(47): view('cart/index', [...])
 5 SYSTEMPATH/CodeIgniter.php(941): App\Controllers\Cart->index('1')
 6 SYSTEMPATH/CodeIgniter.php(502): CodeIgniter\CodeIgniter->runController(Object(App\Controllers\Cart))
 7 SYSTEMPATH/CodeIgniter.php(361): CodeIgniter\CodeIgniter->handleRequest(null, Object(Config\Cache), false)
 8 FCPATH/index.php(79): CodeIgniter\CodeIgniter->run()
CRITICAL - 2024-08-08 08:12:15 --> Error: Call to undefined function formatRupiah()
in APPPATH/Views/cart/index.php on line 23.
 1 SYSTEMPATH/View/View.php(228): include()
 2 SYSTEMPATH/View/View.php(231): CodeIgniter\View\View->CodeIgniter\View\{closure}()
 3 SYSTEMPATH/Common.php(1178): CodeIgniter\View\View->render('cart/index', [], true)
 4 APPPATH/Controllers/Cart.php(47): view('cart/index', [...])
 5 SYSTEMPATH/CodeIgniter.php(941): App\Controllers\Cart->index('1')
 6 SYSTEMPATH/CodeIgniter.php(502): CodeIgniter\CodeIgniter->runController(Object(App\Controllers\Cart))
 7 SYSTEMPATH/CodeIgniter.php(361): CodeIgniter\CodeIgniter->handleRequest(null, Object(Config\Cache), false)
 8 FCPATH/index.php(79): CodeIgniter\CodeIgniter->run()
CRITICAL - 2024-08-08 08:12:15 --> Error: Call to undefined function formatRupiah()
in APPPATH/Views/cart/index.php on line 23.
 1 SYSTEMPATH/View/View.php(228): include()
 2 SYSTEMPATH/View/View.php(231): CodeIgniter\View\View->CodeIgniter\View\{closure}()
 3 SYSTEMPATH/Common.php(1178): CodeIgniter\View\View->render('cart/index', [], true)
 4 APPPATH/Controllers/Cart.php(47): view('cart/index', [...])
 5 SYSTEMPATH/CodeIgniter.php(941): App\Controllers\Cart->index('1')
 6 SYSTEMPATH/CodeIgniter.php(502): CodeIgniter\CodeIgniter->runController(Object(App\Controllers\Cart))
 7 SYSTEMPATH/CodeIgniter.php(361): CodeIgniter\CodeIgniter->handleRequest(null, Object(Config\Cache), false)
 8 FCPATH/index.php(79): CodeIgniter\CodeIgniter->run()
CRITICAL - 2024-08-08 08:12:16 --> Error: Call to undefined function formatRupiah()
in APPPATH/Views/cart/index.php on line 23.
 1 SYSTEMPATH/View/View.php(228): include()
 2 SYSTEMPATH/View/View.php(231): CodeIgniter\View\View->CodeIgniter\View\{closure}()
 3 SYSTEMPATH/Common.php(1178): CodeIgniter\View\View->render('cart/index', [], true)
 4 APPPATH/Controllers/Cart.php(47): view('cart/index', [...])
 5 SYSTEMPATH/CodeIgniter.php(941): App\Controllers\Cart->index('1')
 6 SYSTEMPATH/CodeIgniter.php(502): CodeIgniter\CodeIgniter->runController(Object(App\Controllers\Cart))
 7 SYSTEMPATH/CodeIgniter.php(361): CodeIgniter\CodeIgniter->handleRequest(null, Object(Config\Cache), false)
 8 FCPATH/index.php(79): CodeIgniter\CodeIgniter->run()
CRITICAL - 2024-08-08 08:12:16 --> Error: Call to undefined function formatRupiah()
in APPPATH/Views/cart/index.php on line 23.
 1 SYSTEMPATH/View/View.php(228): include()
 2 SYSTEMPATH/View/View.php(231): CodeIgniter\View\View->CodeIgniter\View\{closure}()
 3 SYSTEMPATH/Common.php(1178): CodeIgniter\View\View->render('cart/index', [], true)
 4 APPPATH/Controllers/Cart.php(47): view('cart/index', [...])
 5 SYSTEMPATH/CodeIgniter.php(941): App\Controllers\Cart->index('1')
 6 SYSTEMPATH/CodeIgniter.php(502): CodeIgniter\CodeIgniter->runController(Object(App\Controllers\Cart))
 7 SYSTEMPATH/CodeIgniter.php(361): CodeIgniter\CodeIgniter->handleRequest(null, Object(Config\Cache), false)
 8 FCPATH/index.php(79): CodeIgniter\CodeIgniter->run()
CRITICAL - 2024-08-08 08:12:16 --> Error: Call to undefined function formatRupiah()
in APPPATH/Views/cart/index.php on line 23.
 1 SYSTEMPATH/View/View.php(228): include()
 2 SYSTEMPATH/View/View.php(231): CodeIgniter\View\View->CodeIgniter\View\{closure}()
 3 SYSTEMPATH/Common.php(1178): CodeIgniter\View\View->render('cart/index', [], true)
 4 APPPATH/Controllers/Cart.php(47): view('cart/index', [...])
 5 SYSTEMPATH/CodeIgniter.php(941): App\Controllers\Cart->index('1')
 6 SYSTEMPATH/CodeIgniter.php(502): CodeIgniter\CodeIgniter->runController(Object(App\Controllers\Cart))
 7 SYSTEMPATH/CodeIgniter.php(361): CodeIgniter\CodeIgniter->handleRequest(null, Object(Config\Cache), false)
 8 FCPATH/index.php(79): CodeIgniter\CodeIgniter->run()
CRITICAL - 2024-08-08 08:25:15 --> Error: Call to undefined function App\Controllers\dummy()
in APPPATH/Controllers/Cart.php on line 11.
 1 SYSTEMPATH/CodeIgniter.php(941): App\Controllers\Cart->index('1')
 2 SYSTEMPATH/CodeIgniter.php(502): CodeIgniter\CodeIgniter->runController(Object(App\Controllers\Cart))
 3 SYSTEMPATH/CodeIgniter.php(361): CodeIgniter\CodeIgniter->handleRequest(null, Object(Config\Cache), false)
 4 FCPATH/index.php(79): CodeIgniter\CodeIgniter->run()
CRITICAL - 2024-08-08 08:25:16 --> Error: Call to undefined function App\Controllers\dummy()
in APPPATH/Controllers/Cart.php on line 11.
 1 SYSTEMPATH/CodeIgniter.php(941): App\Controllers\Cart->index('1')
 2 SYSTEMPATH/CodeIgniter.php(502): CodeIgniter\CodeIgniter->runController(Object(App\Controllers\Cart))
 3 SYSTEMPATH/CodeIgniter.php(361): CodeIgniter\CodeIgniter->handleRequest(null, Object(Config\Cache), false)
 4 FCPATH/index.php(79): CodeIgniter\CodeIgniter->run()
CRITICAL - 2024-08-08 08:25:16 --> Error: Call to undefined function App\Controllers\dummy()
in APPPATH/Controllers/Cart.php on line 11.
 1 SYSTEMPATH/CodeIgniter.php(941): App\Controllers\Cart->index('1')
 2 SYSTEMPATH/CodeIgniter.php(502): CodeIgniter\CodeIgniter->runController(Object(App\Controllers\Cart))
 3 SYSTEMPATH/CodeIgniter.php(361): CodeIgniter\CodeIgniter->handleRequest(null, Object(Config\Cache), false)
 4 FCPATH/index.php(79): CodeIgniter\CodeIgniter->run()
CRITICAL - 2024-08-08 08:25:16 --> Error: Call to undefined function App\Controllers\dummy()
in APPPATH/Controllers/Cart.php on line 11.
 1 SYSTEMPATH/CodeIgniter.php(941): App\Controllers\Cart->index('1')
 2 SYSTEMPATH/CodeIgniter.php(502): CodeIgniter\CodeIgniter->runController(Object(App\Controllers\Cart))
 3 SYSTEMPATH/CodeIgniter.php(361): CodeIgniter\CodeIgniter->handleRequest(null, Object(Config\Cache), false)
 4 FCPATH/index.php(79): CodeIgniter\CodeIgniter->run()
CRITICAL - 2024-08-08 08:25:16 --> Error: Call to undefined function App\Controllers\dummy()
in APPPATH/Controllers/Cart.php on line 11.
 1 SYSTEMPATH/CodeIgniter.php(941): App\Controllers\Cart->index('1')
 2 SYSTEMPATH/CodeIgniter.php(502): CodeIgniter\CodeIgniter->runController(Object(App\Controllers\Cart))
 3 SYSTEMPATH/CodeIgniter.php(361): CodeIgniter\CodeIgniter->handleRequest(null, Object(Config\Cache), false)
 4 FCPATH/index.php(79): CodeIgniter\CodeIgniter->run()
CRITICAL - 2024-08-08 08:25:16 --> Error: Call to undefined function App\Controllers\dummy()
in APPPATH/Controllers/Cart.php on line 11.
 1 SYSTEMPATH/CodeIgniter.php(941): App\Controllers\Cart->index('1')
 2 SYSTEMPATH/CodeIgniter.php(502): CodeIgniter\CodeIgniter->runController(Object(App\Controllers\Cart))
 3 SYSTEMPATH/CodeIgniter.php(361): CodeIgniter\CodeIgniter->handleRequest(null, Object(Config\Cache), false)
 4 FCPATH/index.php(79): CodeIgniter\CodeIgniter->run()
CRITICAL - 2024-08-08 08:25:45 --> Error: Call to undefined function App\Controllers\dummy()
in APPPATH/Controllers/Cart.php on line 11.
 1 SYSTEMPATH/CodeIgniter.php(941): App\Controllers\Cart->index('1')
 2 SYSTEMPATH/CodeIgniter.php(502): CodeIgniter\CodeIgniter->runController(Object(App\Controllers\Cart))
 3 SYSTEMPATH/CodeIgniter.php(361): CodeIgniter\CodeIgniter->handleRequest(null, Object(Config\Cache), false)
 4 FCPATH/index.php(79): CodeIgniter\CodeIgniter->run()
CRITICAL - 2024-08-08 08:33:04 --> CodeIgniter\View\Exceptions\ViewException: Invalid file: "order/index.php"
in SYSTEMPATH/Exceptions/FrameworkException.php on line 39.
 1 SYSTEMPATH/View/View.php(216): CodeIgniter\Exceptions\FrameworkException::forInvalidFile('order/index.php')
 2 SYSTEMPATH/Common.php(1178): CodeIgniter\View\View->render('order/index', [], true)
 3 APPPATH/Controllers/Order.php(11): view('order/index')
 4 SYSTEMPATH/CodeIgniter.php(941): App\Controllers\Order->index()
 5 SYSTEMPATH/CodeIgniter.php(502): CodeIgniter\CodeIgniter->runController(Object(App\Controllers\Order))
 6 SYSTEMPATH/CodeIgniter.php(361): CodeIgniter\CodeIgniter->handleRequest(null, Object(Config\Cache), false)
 7 FCPATH/index.php(79): CodeIgniter\CodeIgniter->run()
CRITICAL - 2024-08-08 08:33:58 --> CodeIgniter\View\Exceptions\ViewException: Invalid file: "order/index.php"
in SYSTEMPATH/Exceptions/FrameworkException.php on line 39.
 1 SYSTEMPATH/View/View.php(216): CodeIgniter\Exceptions\FrameworkException::forInvalidFile('order/index.php')
 2 SYSTEMPATH/Common.php(1178): CodeIgniter\View\View->render('order/index', [], true)
 3 APPPATH/Controllers/Order.php(11): view('order/index')
 4 SYSTEMPATH/CodeIgniter.php(941): App\Controllers\Order->index()
 5 SYSTEMPATH/CodeIgniter.php(502): CodeIgniter\CodeIgniter->runController(Object(App\Controllers\Order))
 6 SYSTEMPATH/CodeIgniter.php(361): CodeIgniter\CodeIgniter->handleRequest(null, Object(Config\Cache), false)
 7 FCPATH/index.php(79): CodeIgniter\CodeIgniter->run()
CRITICAL - 2024-08-08 08:36:14 --> CodeIgniter\View\Exceptions\ViewException: Invalid file: "order/index.php"
in SYSTEMPATH/Exceptions/FrameworkException.php on line 39.
 1 SYSTEMPATH/View/View.php(216): CodeIgniter\Exceptions\FrameworkException::forInvalidFile('order/index.php')
 2 SYSTEMPATH/Common.php(1178): CodeIgniter\View\View->render('order/index', [], true)
 3 APPPATH/Controllers/Order.php(11): view('order/index')
 4 SYSTEMPATH/CodeIgniter.php(941): App\Controllers\Order->index()
 5 SYSTEMPATH/CodeIgniter.php(502): CodeIgniter\CodeIgniter->runController(Object(App\Controllers\Order))
 6 SYSTEMPATH/CodeIgniter.php(361): CodeIgniter\CodeIgniter->handleRequest(null, Object(Config\Cache), false)
 7 FCPATH/index.php(79): CodeIgniter\CodeIgniter->run()
CRITICAL - 2024-08-08 08:38:26 --> ErrorException: Undefined variable: image
in APPPATH/Views/shipping/index.php on line 10.
 1 APPPATH/Views/shipping/index.php(10): CodeIgniter\Debug\Exceptions->errorHandler(8, 'Undefined variable: image', '/Applications/MAMP/htdocs/dummy-pos/app/Views/shipping/index.php', 10, [])
 2 SYSTEMPATH/View/View.php(228): include('/Applications/MAMP/htdocs/dummy-pos/app/Views/shipping/index.php')
 3 SYSTEMPATH/View/View.php(231): CodeIgniter\View\View->CodeIgniter\View\{closure}()
 4 SYSTEMPATH/Common.php(1178): CodeIgniter\View\View->render('shipping/index', [], true)
 5 APPPATH/Controllers/Shipping.php(29): view('shipping/index')
 6 SYSTEMPATH/CodeIgniter.php(941): App\Controllers\Shipping->index('1')
 7 SYSTEMPATH/CodeIgniter.php(502): CodeIgniter\CodeIgniter->runController(Object(App\Controllers\Shipping))
 8 SYSTEMPATH/CodeIgniter.php(361): CodeIgniter\CodeIgniter->handleRequest(null, Object(Config\Cache), false)
 9 FCPATH/index.php(79): CodeIgniter\CodeIgniter->run()
CRITICAL - 2024-08-08 08:38:26 --> ErrorException: Undefined variable: image
in APPPATH/Views/shipping/index.php on line 10.
 1 APPPATH/Views/shipping/index.php(10): CodeIgniter\Debug\Exceptions->errorHandler(8, 'Undefined variable: image', '/Applications/MAMP/htdocs/dummy-pos/app/Views/shipping/index.php', 10, [])
 2 SYSTEMPATH/View/View.php(228): include('/Applications/MAMP/htdocs/dummy-pos/app/Views/shipping/index.php')
 3 SYSTEMPATH/View/View.php(231): CodeIgniter\View\View->CodeIgniter\View\{closure}()
 4 SYSTEMPATH/Common.php(1178): CodeIgniter\View\View->render('shipping/index', [], true)
 5 APPPATH/Controllers/Shipping.php(29): view('shipping/index')
 6 SYSTEMPATH/CodeIgniter.php(941): App\Controllers\Shipping->index('1')
 7 SYSTEMPATH/CodeIgniter.php(502): CodeIgniter\CodeIgniter->runController(Object(App\Controllers\Shipping))
 8 SYSTEMPATH/CodeIgniter.php(361): CodeIgniter\CodeIgniter->handleRequest(null, Object(Config\Cache), false)
 9 FCPATH/index.php(79): CodeIgniter\CodeIgniter->run()
CRITICAL - 2024-08-08 08:38:27 --> ErrorException: Undefined variable: image
in APPPATH/Views/shipping/index.php on line 10.
 1 APPPATH/Views/shipping/index.php(10): CodeIgniter\Debug\Exceptions->errorHandler(8, 'Undefined variable: image', '/Applications/MAMP/htdocs/dummy-pos/app/Views/shipping/index.php', 10, [])
 2 SYSTEMPATH/View/View.php(228): include('/Applications/MAMP/htdocs/dummy-pos/app/Views/shipping/index.php')
 3 SYSTEMPATH/View/View.php(231): CodeIgniter\View\View->CodeIgniter\View\{closure}()
 4 SYSTEMPATH/Common.php(1178): CodeIgniter\View\View->render('shipping/index', [], true)
 5 APPPATH/Controllers/Shipping.php(29): view('shipping/index')
 6 SYSTEMPATH/CodeIgniter.php(941): App\Controllers\Shipping->index('1')
 7 SYSTEMPATH/CodeIgniter.php(502): CodeIgniter\CodeIgniter->runController(Object(App\Controllers\Shipping))
 8 SYSTEMPATH/CodeIgniter.php(361): CodeIgniter\CodeIgniter->handleRequest(null, Object(Config\Cache), false)
 9 FCPATH/index.php(79): CodeIgniter\CodeIgniter->run()
CRITICAL - 2024-08-08 08:38:27 --> ErrorException: Undefined variable: image
in APPPATH/Views/shipping/index.php on line 10.
 1 APPPATH/Views/shipping/index.php(10): CodeIgniter\Debug\Exceptions->errorHandler(8, 'Undefined variable: image', '/Applications/MAMP/htdocs/dummy-pos/app/Views/shipping/index.php', 10, [])
 2 SYSTEMPATH/View/View.php(228): include('/Applications/MAMP/htdocs/dummy-pos/app/Views/shipping/index.php')
 3 SYSTEMPATH/View/View.php(231): CodeIgniter\View\View->CodeIgniter\View\{closure}()
 4 SYSTEMPATH/Common.php(1178): CodeIgniter\View\View->render('shipping/index', [], true)
 5 APPPATH/Controllers/Shipping.php(29): view('shipping/index')
 6 SYSTEMPATH/CodeIgniter.php(941): App\Controllers\Shipping->index('1')
 7 SYSTEMPATH/CodeIgniter.php(502): CodeIgniter\CodeIgniter->runController(Object(App\Controllers\Shipping))
 8 SYSTEMPATH/CodeIgniter.php(361): CodeIgniter\CodeIgniter->handleRequest(null, Object(Config\Cache), false)
 9 FCPATH/index.php(79): CodeIgniter\CodeIgniter->run()
CRITICAL - 2024-08-08 08:38:27 --> ErrorException: Undefined variable: image
in APPPATH/Views/shipping/index.php on line 10.
 1 APPPATH/Views/shipping/index.php(10): CodeIgniter\Debug\Exceptions->errorHandler(8, 'Undefined variable: image', '/Applications/MAMP/htdocs/dummy-pos/app/Views/shipping/index.php', 10, [])
 2 SYSTEMPATH/View/View.php(228): include('/Applications/MAMP/htdocs/dummy-pos/app/Views/shipping/index.php')
 3 SYSTEMPATH/View/View.php(231): CodeIgniter\View\View->CodeIgniter\View\{closure}()
 4 SYSTEMPATH/Common.php(1178): CodeIgniter\View\View->render('shipping/index', [], true)
 5 APPPATH/Controllers/Shipping.php(29): view('shipping/index')
 6 SYSTEMPATH/CodeIgniter.php(941): App\Controllers\Shipping->index('1')
 7 SYSTEMPATH/CodeIgniter.php(502): CodeIgniter\CodeIgniter->runController(Object(App\Controllers\Shipping))
 8 SYSTEMPATH/CodeIgniter.php(361): CodeIgniter\CodeIgniter->handleRequest(null, Object(Config\Cache), false)
 9 FCPATH/index.php(79): CodeIgniter\CodeIgniter->run()
CRITICAL - 2024-08-08 08:38:27 --> ErrorException: Undefined variable: image
in APPPATH/Views/shipping/index.php on line 10.
 1 APPPATH/Views/shipping/index.php(10): CodeIgniter\Debug\Exceptions->errorHandler(8, 'Undefined variable: image', '/Applications/MAMP/htdocs/dummy-pos/app/Views/shipping/index.php', 10, [])
 2 SYSTEMPATH/View/View.php(228): include('/Applications/MAMP/htdocs/dummy-pos/app/Views/shipping/index.php')
 3 SYSTEMPATH/View/View.php(231): CodeIgniter\View\View->CodeIgniter\View\{closure}()
 4 SYSTEMPATH/Common.php(1178): CodeIgniter\View\View->render('shipping/index', [], true)
 5 APPPATH/Controllers/Shipping.php(29): view('shipping/index')
 6 SYSTEMPATH/CodeIgniter.php(941): App\Controllers\Shipping->index('1')
 7 SYSTEMPATH/CodeIgniter.php(502): CodeIgniter\CodeIgniter->runController(Object(App\Controllers\Shipping))
 8 SYSTEMPATH/CodeIgniter.php(361): CodeIgniter\CodeIgniter->handleRequest(null, Object(Config\Cache), false)
 9 FCPATH/index.php(79): CodeIgniter\CodeIgniter->run()
CRITICAL - 2024-08-08 08:38:27 --> ErrorException: Undefined variable: image
in APPPATH/Views/shipping/index.php on line 10.
 1 APPPATH/Views/shipping/index.php(10): CodeIgniter\Debug\Exceptions->errorHandler(8, 'Undefined variable: image', '/Applications/MAMP/htdocs/dummy-pos/app/Views/shipping/index.php', 10, [])
 2 SYSTEMPATH/View/View.php(228): include('/Applications/MAMP/htdocs/dummy-pos/app/Views/shipping/index.php')
 3 SYSTEMPATH/View/View.php(231): CodeIgniter\View\View->CodeIgniter\View\{closure}()
 4 SYSTEMPATH/Common.php(1178): CodeIgniter\View\View->render('shipping/index', [], true)
 5 APPPATH/Controllers/Shipping.php(29): view('shipping/index')
 6 SYSTEMPATH/CodeIgniter.php(941): App\Controllers\Shipping->index('1')
 7 SYSTEMPATH/CodeIgniter.php(502): CodeIgniter\CodeIgniter->runController(Object(App\Controllers\Shipping))
 8 SYSTEMPATH/CodeIgniter.php(361): CodeIgniter\CodeIgniter->handleRequest(null, Object(Config\Cache), false)
 9 FCPATH/index.php(79): CodeIgniter\CodeIgniter->run()
CRITICAL - 2024-08-08 08:38:32 --> ErrorException: Undefined variable: image
in APPPATH/Views/shipping/index.php on line 10.
 1 APPPATH/Views/shipping/index.php(10): CodeIgniter\Debug\Exceptions->errorHandler(8, 'Undefined variable: image', '/Applications/MAMP/htdocs/dummy-pos/app/Views/shipping/index.php', 10, [])
 2 SYSTEMPATH/View/View.php(228): include('/Applications/MAMP/htdocs/dummy-pos/app/Views/shipping/index.php')
 3 SYSTEMPATH/View/View.php(231): CodeIgniter\View\View->CodeIgniter\View\{closure}()
 4 SYSTEMPATH/Common.php(1178): CodeIgniter\View\View->render('shipping/index', [], true)
 5 APPPATH/Controllers/Shipping.php(29): view('shipping/index')
 6 SYSTEMPATH/CodeIgniter.php(941): App\Controllers\Shipping->index('1')
 7 SYSTEMPATH/CodeIgniter.php(502): CodeIgniter\CodeIgniter->runController(Object(App\Controllers\Shipping))
 8 SYSTEMPATH/CodeIgniter.php(361): CodeIgniter\CodeIgniter->handleRequest(null, Object(Config\Cache), false)
 9 FCPATH/index.php(79): CodeIgniter\CodeIgniter->run()
CRITICAL - 2024-08-08 08:38:32 --> ErrorException: Undefined variable: image
in APPPATH/Views/shipping/index.php on line 10.
 1 APPPATH/Views/shipping/index.php(10): CodeIgniter\Debug\Exceptions->errorHandler(8, 'Undefined variable: image', '/Applications/MAMP/htdocs/dummy-pos/app/Views/shipping/index.php', 10, [])
 2 SYSTEMPATH/View/View.php(228): include('/Applications/MAMP/htdocs/dummy-pos/app/Views/shipping/index.php')
 3 SYSTEMPATH/View/View.php(231): CodeIgniter\View\View->CodeIgniter\View\{closure}()
 4 SYSTEMPATH/Common.php(1178): CodeIgniter\View\View->render('shipping/index', [], true)
 5 APPPATH/Controllers/Shipping.php(29): view('shipping/index')
 6 SYSTEMPATH/CodeIgniter.php(941): App\Controllers\Shipping->index('1')
 7 SYSTEMPATH/CodeIgniter.php(502): CodeIgniter\CodeIgniter->runController(Object(App\Controllers\Shipping))
 8 SYSTEMPATH/CodeIgniter.php(361): CodeIgniter\CodeIgniter->handleRequest(null, Object(Config\Cache), false)
 9 FCPATH/index.php(79): CodeIgniter\CodeIgniter->run()
CRITICAL - 2024-08-08 08:38:32 --> ErrorException: Undefined variable: image
in APPPATH/Views/shipping/index.php on line 10.
 1 APPPATH/Views/shipping/index.php(10): CodeIgniter\Debug\Exceptions->errorHandler(8, 'Undefined variable: image', '/Applications/MAMP/htdocs/dummy-pos/app/Views/shipping/index.php', 10, [])
 2 SYSTEMPATH/View/View.php(228): include('/Applications/MAMP/htdocs/dummy-pos/app/Views/shipping/index.php')
 3 SYSTEMPATH/View/View.php(231): CodeIgniter\View\View->CodeIgniter\View\{closure}()
 4 SYSTEMPATH/Common.php(1178): CodeIgniter\View\View->render('shipping/index', [], true)
 5 APPPATH/Controllers/Shipping.php(29): view('shipping/index')
 6 SYSTEMPATH/CodeIgniter.php(941): App\Controllers\Shipping->index('1')
 7 SYSTEMPATH/CodeIgniter.php(502): CodeIgniter\CodeIgniter->runController(Object(App\Controllers\Shipping))
 8 SYSTEMPATH/CodeIgniter.php(361): CodeIgniter\CodeIgniter->handleRequest(null, Object(Config\Cache), false)
 9 FCPATH/index.php(79): CodeIgniter\CodeIgniter->run()
CRITICAL - 2024-08-08 08:38:32 --> ErrorException: Undefined variable: image
in APPPATH/Views/shipping/index.php on line 10.
 1 APPPATH/Views/shipping/index.php(10): CodeIgniter\Debug\Exceptions->errorHandler(8, 'Undefined variable: image', '/Applications/MAMP/htdocs/dummy-pos/app/Views/shipping/index.php', 10, [])
 2 SYSTEMPATH/View/View.php(228): include('/Applications/MAMP/htdocs/dummy-pos/app/Views/shipping/index.php')
 3 SYSTEMPATH/View/View.php(231): CodeIgniter\View\View->CodeIgniter\View\{closure}()
 4 SYSTEMPATH/Common.php(1178): CodeIgniter\View\View->render('shipping/index', [], true)
 5 APPPATH/Controllers/Shipping.php(29): view('shipping/index')
 6 SYSTEMPATH/CodeIgniter.php(941): App\Controllers\Shipping->index('1')
 7 SYSTEMPATH/CodeIgniter.php(502): CodeIgniter\CodeIgniter->runController(Object(App\Controllers\Shipping))
 8 SYSTEMPATH/CodeIgniter.php(361): CodeIgniter\CodeIgniter->handleRequest(null, Object(Config\Cache), false)
 9 FCPATH/index.php(79): CodeIgniter\CodeIgniter->run()
CRITICAL - 2024-08-08 08:38:32 --> ErrorException: Undefined variable: image
in APPPATH/Views/shipping/index.php on line 10.
 1 APPPATH/Views/shipping/index.php(10): CodeIgniter\Debug\Exceptions->errorHandler(8, 'Undefined variable: image', '/Applications/MAMP/htdocs/dummy-pos/app/Views/shipping/index.php', 10, [])
 2 SYSTEMPATH/View/View.php(228): include('/Applications/MAMP/htdocs/dummy-pos/app/Views/shipping/index.php')
 3 SYSTEMPATH/View/View.php(231): CodeIgniter\View\View->CodeIgniter\View\{closure}()
 4 SYSTEMPATH/Common.php(1178): CodeIgniter\View\View->render('shipping/index', [], true)
 5 APPPATH/Controllers/Shipping.php(29): view('shipping/index')
 6 SYSTEMPATH/CodeIgniter.php(941): App\Controllers\Shipping->index('1')
 7 SYSTEMPATH/CodeIgniter.php(502): CodeIgniter\CodeIgniter->runController(Object(App\Controllers\Shipping))
 8 SYSTEMPATH/CodeIgniter.php(361): CodeIgniter\CodeIgniter->handleRequest(null, Object(Config\Cache), false)
 9 FCPATH/index.php(79): CodeIgniter\CodeIgniter->run()
CRITICAL - 2024-08-08 08:38:32 --> ErrorException: Undefined variable: image
in APPPATH/Views/shipping/index.php on line 10.
 1 APPPATH/Views/shipping/index.php(10): CodeIgniter\Debug\Exceptions->errorHandler(8, 'Undefined variable: image', '/Applications/MAMP/htdocs/dummy-pos/app/Views/shipping/index.php', 10, [])
 2 SYSTEMPATH/View/View.php(228): include('/Applications/MAMP/htdocs/dummy-pos/app/Views/shipping/index.php')
 3 SYSTEMPATH/View/View.php(231): CodeIgniter\View\View->CodeIgniter\View\{closure}()
 4 SYSTEMPATH/Common.php(1178): CodeIgniter\View\View->render('shipping/index', [], true)
 5 APPPATH/Controllers/Shipping.php(29): view('shipping/index')
 6 SYSTEMPATH/CodeIgniter.php(941): App\Controllers\Shipping->index('1')
 7 SYSTEMPATH/CodeIgniter.php(502): CodeIgniter\CodeIgniter->runController(Object(App\Controllers\Shipping))
 8 SYSTEMPATH/CodeIgniter.php(361): CodeIgniter\CodeIgniter->handleRequest(null, Object(Config\Cache), false)
 9 FCPATH/index.php(79): CodeIgniter\CodeIgniter->run()
CRITICAL - 2024-08-08 08:42:12 --> CodeIgniter\View\Exceptions\ViewException: Invalid file: "order/index.php"
in SYSTEMPATH/Exceptions/FrameworkException.php on line 39.
 1 SYSTEMPATH/View/View.php(216): CodeIgniter\Exceptions\FrameworkException::forInvalidFile('order/index.php')
 2 SYSTEMPATH/Common.php(1178): CodeIgniter\View\View->render('order/index', [], true)
 3 APPPATH/Controllers/Order.php(11): view('order/index')
 4 SYSTEMPATH/CodeIgniter.php(941): App\Controllers\Order->index()
 5 SYSTEMPATH/CodeIgniter.php(502): CodeIgniter\CodeIgniter->runController(Object(App\Controllers\Order))
 6 SYSTEMPATH/CodeIgniter.php(361): CodeIgniter\CodeIgniter->handleRequest(null, Object(Config\Cache), false)
 7 FCPATH/index.php(79): CodeIgniter\CodeIgniter->run()
CRITICAL - 2024-08-08 08:42:13 --> CodeIgniter\View\Exceptions\ViewException: Invalid file: "order/index.php"
in SYSTEMPATH/Exceptions/FrameworkException.php on line 39.
 1 SYSTEMPATH/View/View.php(216): CodeIgniter\Exceptions\FrameworkException::forInvalidFile('order/index.php')
 2 SYSTEMPATH/Common.php(1178): CodeIgniter\View\View->render('order/index', [], true)
 3 APPPATH/Controllers/Order.php(11): view('order/index')
 4 SYSTEMPATH/CodeIgniter.php(941): App\Controllers\Order->index()
 5 SYSTEMPATH/CodeIgniter.php(502): CodeIgniter\CodeIgniter->runController(Object(App\Controllers\Order))
 6 SYSTEMPATH/CodeIgniter.php(361): CodeIgniter\CodeIgniter->handleRequest(null, Object(Config\Cache), false)
 7 FCPATH/index.php(79): CodeIgniter\CodeIgniter->run()
CRITICAL - 2024-08-08 08:42:58 --> CodeIgniter\View\Exceptions\ViewException: Invalid file: "order/index.php"
in SYSTEMPATH/Exceptions/FrameworkException.php on line 39.
 1 SYSTEMPATH/View/View.php(216): CodeIgniter\Exceptions\FrameworkException::forInvalidFile('order/index.php')
 2 SYSTEMPATH/Common.php(1178): CodeIgniter\View\View->render('order/index', [], true)
 3 APPPATH/Controllers/Order.php(11): view('order/index')
 4 SYSTEMPATH/CodeIgniter.php(941): App\Controllers\Order->index()
 5 SYSTEMPATH/CodeIgniter.php(502): CodeIgniter\CodeIgniter->runController(Object(App\Controllers\Order))
 6 SYSTEMPATH/CodeIgniter.php(361): CodeIgniter\CodeIgniter->handleRequest(null, Object(Config\Cache), false)
 7 FCPATH/index.php(79): CodeIgniter\CodeIgniter->run()
